Compiling the CXX compiler identification source file "CMakeCXXCompilerId.cpp" failed.
Compiler: /Library/Developer/CommandLineTools/usr/bin/c++ 
Build flags: 
Id flags:  

The output was:
1
ld: library not found for -lc++
clang: error: linker command failed with exit code 1 (use -v to see invocation)


Performing C++ SOURCE FILE Test TURBO_INTERNAL_AT_LEAST_CXX17 failed with the following output:
Change Dir: /Users/liyinbin/github/gottingen/lambda/build/CMakeFiles/CMakeTmp

Run Build Command(s):/usr/bin/make cmTC_5d1e3/fast && /Library/Developer/CommandLineTools/usr/bin/make  -f CMakeFiles/cmTC_5d1e3.dir/build.make CMakeFiles/cmTC_5d1e3.dir/build
Building CXX object CMakeFiles/cmTC_5d1e3.dir/src.cxx.o
/Library/Developer/CommandLineTools/usr/bin/c++    -DTURBO_INTERNAL_AT_LEAST_CXX17 -isysroot /Library/Developer/CommandLineTools/SDKs/MacOSX13.1.sdk -mmacosx-version-min=12.5   -std=gnu++14 -o CMakeFiles/cmTC_5d1e3.dir/src.cxx.o -c /Users/liyinbin/github/gottingen/lambda/build/CMakeFiles/CMakeTmp/src.cxx
/Users/liyinbin/github/gottingen/lambda/build/CMakeFiles/CMakeTmp/src.cxx:6:4: error: "The compiler defaults or is configured for C++ < 17"
#  error "The compiler defaults or is configured for C++ < 17"
   ^
1 error generated.
make[1]: *** [CMakeFiles/cmTC_5d1e3.dir/src.cxx.o] Error 1
make: *** [cmTC_5d1e3/fast] Error 2


Source file was:
#ifdef _MSC_VER
#  if _MSVC_LANG < 201700L
#    error "The compiler defaults or is configured for C++ < 17"
#  endif
#elif __cplusplus < 201700L
#  error "The compiler defaults or is configured for C++ < 17"
#endif
int main() { return 0; }

Performing C++ SOURCE FILE Test CXX_HAS_SSE1_1 failed with the following output:
Change Dir: /Users/liyinbin/github/gottingen/lambda/build/CMakeFiles/CMakeTmp

Run Build Command(s):/usr/bin/make cmTC_c81b7/fast && /Library/Developer/CommandLineTools/usr/bin/make  -f CMakeFiles/cmTC_c81b7.dir/build.make CMakeFiles/cmTC_c81b7.dir/build
Building CXX object CMakeFiles/cmTC_c81b7.dir/src.cxx.o
/Library/Developer/CommandLineTools/usr/bin/c++    -DCXX_HAS_SSE1_1 -msse -isysroot /Library/Developer/CommandLineTools/SDKs/MacOSX13.1.sdk -mmacosx-version-min=12.5   -std=gnu++14 -o CMakeFiles/cmTC_c81b7.dir/src.cxx.o -c /Users/liyinbin/github/gottingen/lambda/build/CMakeFiles/CMakeTmp/src.cxx
clang: warning: argument unused during compilation: '-msse' [-Wunused-command-line-argument]
In file included from /Users/liyinbin/github/gottingen/lambda/build/CMakeFiles/CMakeTmp/src.cxx:2:
/Library/Developer/CommandLineTools/usr/lib/clang/14.0.0/include/xmmintrin.h:14:2: error: "This header is only meant to be used on x86 and x64 architecture"
#error "This header is only meant to be used on x86 and x64 architecture"
 ^
In file included from /Users/liyinbin/github/gottingen/lambda/build/CMakeFiles/CMakeTmp/src.cxx:2:
In file included from /Library/Developer/CommandLineTools/usr/lib/clang/14.0.0/include/xmmintrin.h:17:
/Library/Developer/CommandLineTools/usr/lib/clang/14.0.0/include/mmintrin.h:14:2: error: "This header is only meant to be used on x86 and x64 architecture"
#error "This header is only meant to be used on x86 and x64 architecture"
 ^
/Library/Developer/CommandLineTools/usr/lib/clang/14.0.0/include/mmintrin.h:37:5: error: use of undeclared identifier '__builtin_ia32_emms'; did you mean '__builtin_isless'?
    __builtin_ia32_emms();
    ^
/Library/Developer/CommandLineTools/usr/lib/clang/14.0.0/include/mmintrin.h:37:5: note: '__builtin_isless' declared here
/Library/Developer/CommandLineTools/usr/lib/clang/14.0.0/include/mmintrin.h:37:25: error: too few arguments to function call, expected 2, have 0
    __builtin_ia32_emms();
    ~~~~~~~~~~~~~~~~~~~~^
/Library/Developer/CommandLineTools/usr/lib/clang/14.0.0/include/mmintrin.h:54:19: error: use of undeclared identifier '__builtin_ia32_vec_init_v2si'
    return (__m64)__builtin_ia32_vec_init_v2si(__i, 0);
                  ^
/Library/Developer/CommandLineTools/usr/lib/clang/14.0.0/include/mmintrin.h:71:12: error: use of undeclared identifier '__builtin_ia32_vec_ext_v2si'
    return __builtin_ia32_vec_ext_v2si((__v2si)__m, 0);
           ^
/Library/Developer/CommandLineTools/usr/lib/clang/14.0.0/include/mmintrin.h:133:19: error: use of undeclared identifier '__builtin_ia32_packsswb'
    return (__m64)__builtin_ia32_packsswb((__v4hi)__m1, (__v4hi)__m2);
                  ^
/Library/Developer/CommandLineTools/usr/lib/clang/14.0.0/include/mmintrin.h:163:19: error: use of undeclared identifier '__builtin_ia32_packssdw'
    return (__m64)__builtin_ia32_packssdw((__v2si)__m1, (__v2si)__m2);
                  ^
/Library/Developer/CommandLineTools/usr/lib/clang/14.0.0/include/mmintrin.h:193:19: error: use of undeclared identifier '__builtin_ia32_packuswb'
    return (__m64)__builtin_ia32_packuswb((__v4hi)__m1, (__v4hi)__m2);
                  ^
/Library/Developer/CommandLineTools/usr/lib/clang/14.0.0/include/mmintrin.h:220:19: error: use of undeclared identifier '__builtin_ia32_punpckhbw'
    return (__m64)__builtin_ia32_punpckhbw((__v8qi)__m1, (__v8qi)__m2);
                  ^
/Library/Developer/CommandLineTools/usr/lib/clang/14.0.0/include/mmintrin.h:243:19: error: use of undeclared identifier '__builtin_ia32_punpckhwd'
    return (__m64)__builtin_ia32_punpckhwd((__v4hi)__m1, (__v4hi)__m2);
                  ^
/Library/Developer/CommandLineTools/usr/lib/clang/14.0.0/include/mmintrin.h:264:19: error: use of undeclared identifier '__builtin_ia32_punpckhdq'
    return (__m64)__builtin_ia32_punpckhdq((__v2si)__m1, (__v2si)__m2);
                  ^
/Library/Developer/CommandLineTools/usr/lib/clang/14.0.0/include/mmintrin.h:291:19: error: use of undeclared identifier '__builtin_ia32_punpcklbw'
    return (__m64)__builtin_ia32_punpcklbw((__v8qi)__m1, (__v8qi)__m2);
                  ^
/Library/Developer/CommandLineTools/usr/lib/clang/14.0.0/include/mmintrin.h:314:19: error: use of undeclared identifier '__builtin_ia32_punpcklwd'
    return (__m64)__builtin_ia32_punpcklwd((__v4hi)__m1, (__v4hi)__m2);
                  ^
/Library/Developer/CommandLineTools/usr/lib/clang/14.0.0/include/mmintrin.h:335:19: error: use of undeclared identifier '__builtin_ia32_punpckldq'
    return (__m64)__builtin_ia32_punpckldq((__v2si)__m1, (__v2si)__m2);
                  ^
/Library/Developer/CommandLineTools/usr/lib/clang/14.0.0/include/mmintrin.h:356:19: error: use of undeclared identifier '__builtin_ia32_paddb'; did you mean '__builtin_arm_addg'?
    return (__m64)__builtin_ia32_paddb((__v8qi)__m1, (__v8qi)__m2);
                  ^
/Library/Developer/CommandLineTools/usr/lib/clang/14.0.0/include/mmintrin.h:356:19: note: '__builtin_arm_addg' declared here
/Library/Developer/CommandLineTools/usr/lib/clang/14.0.0/include/mmintrin.h:356:19: error: first argument of MTE builtin function must be a pointer ('__v8qi' (vector of 8 'char' values) invalid)
    return (__m64)__builtin_ia32_paddb((__v8qi)__m1, (__v8qi)__m2);
                  ^                    ~~~~~~~~~~~~
/Library/Developer/CommandLineTools/usr/lib/clang/14.0.0/include/mmintrin.h:377:19: error: use of undeclared identifier '__builtin_ia32_paddw'; did you mean '__builtin_arm_addg'?
    return (__m64)__builtin_ia32_paddw((__v4hi)__m1, (__v4hi)__m2);
                  ^
/Library/Developer/CommandLineTools/usr/lib/clang/14.0.0/include/mmintrin.h:356:19: note: '__builtin_arm_addg' declared here
    return (__m64)__builtin_ia32_paddb((__v8qi)__m1, (__v8qi)__m2);
                  ^
/Library/Developer/CommandLineTools/usr/lib/clang/14.0.0/include/mmintrin.h:377:19: error: first argument of MTE builtin function must be a pointer ('__v4hi' (vector of 4 'short' values) invalid)
    return (__m64)__builtin_ia32_paddw((__v4hi)__m1, (__v4hi)__m2);
                  ^                    ~~~~~~~~~~~~
fatal error: too many errors emitted, stopping now [-ferror-limit=]
20 errors generated.
make[1]: *** [CMakeFiles/cmTC_c81b7.dir/src.cxx.o] Error 1
make: *** [cmTC_c81b7/fast] Error 2


...and run output:

Return value: 1
Source file was:

  #include <xmmintrin.h>

  int main()
  {
    __m128 a;
    float vals[4] = {0,0,0,0};
    a = _mm_loadu_ps(vals);  // SSE1
    return 0;
  }
Performing C++ SOURCE FILE Test CXX_HAS_SSE1_2 failed with the following output:
Change Dir: /Users/liyinbin/github/gottingen/lambda/build/CMakeFiles/CMakeTmp

Run Build Command(s):/usr/bin/make cmTC_5bd1d/fast && /Library/Developer/CommandLineTools/usr/bin/make  -f CMakeFiles/cmTC_5bd1d.dir/build.make CMakeFiles/cmTC_5bd1d.dir/build
Building CXX object CMakeFiles/cmTC_5bd1d.dir/src.cxx.o
/Library/Developer/CommandLineTools/usr/bin/c++    -DCXX_HAS_SSE1_2 /arch:SSE -isysroot /Library/Developer/CommandLineTools/SDKs/MacOSX13.1.sdk -mmacosx-version-min=12.5   -std=gnu++14 -o CMakeFiles/cmTC_5bd1d.dir/src.cxx.o -c /Users/liyinbin/github/gottingen/lambda/build/CMakeFiles/CMakeTmp/src.cxx
clang: error: no such file or directory: '/arch:SSE'
make[1]: *** [CMakeFiles/cmTC_5bd1d.dir/src.cxx.o] Error 1
make: *** [cmTC_5bd1d/fast] Error 2


...and run output:

Return value: 1
Source file was:

  #include <xmmintrin.h>

  int main()
  {
    __m128 a;
    float vals[4] = {0,0,0,0};
    a = _mm_loadu_ps(vals);  // SSE1
    return 0;
  }
Performing C++ SOURCE FILE Test CXX_HAS_SSE2_1 failed with the following output:
Change Dir: /Users/liyinbin/github/gottingen/lambda/build/CMakeFiles/CMakeTmp

Run Build Command(s):/usr/bin/make cmTC_33487/fast && /Library/Developer/CommandLineTools/usr/bin/make  -f CMakeFiles/cmTC_33487.dir/build.make CMakeFiles/cmTC_33487.dir/build
Building CXX object CMakeFiles/cmTC_33487.dir/src.cxx.o
/Library/Developer/CommandLineTools/usr/bin/c++    -DCXX_HAS_SSE2_1 -msse2 -isysroot /Library/Developer/CommandLineTools/SDKs/MacOSX13.1.sdk -mmacosx-version-min=12.5   -std=gnu++14 -o CMakeFiles/cmTC_33487.dir/src.cxx.o -c /Users/liyinbin/github/gottingen/lambda/build/CMakeFiles/CMakeTmp/src.cxx
clang: warning: argument unused during compilation: '-msse2' [-Wunused-command-line-argument]
In file included from /Users/liyinbin/github/gottingen/lambda/build/CMakeFiles/CMakeTmp/src.cxx:2:
/Library/Developer/CommandLineTools/usr/lib/clang/14.0.0/include/emmintrin.h:14:2: error: "This header is only meant to be used on x86 and x64 architecture"
#error "This header is only meant to be used on x86 and x64 architecture"
 ^
In file included from /Users/liyinbin/github/gottingen/lambda/build/CMakeFiles/CMakeTmp/src.cxx:2:
In file included from /Library/Developer/CommandLineTools/usr/lib/clang/14.0.0/include/emmintrin.h:17:
/Library/Developer/CommandLineTools/usr/lib/clang/14.0.0/include/xmmintrin.h:14:2: error: "This header is only meant to be used on x86 and x64 architecture"
#error "This header is only meant to be used on x86 and x64 architecture"
 ^
In file included from /Users/liyinbin/github/gottingen/lambda/build/CMakeFiles/CMakeTmp/src.cxx:2:
In file included from /Library/Developer/CommandLineTools/usr/lib/clang/14.0.0/include/emmintrin.h:17:
In file included from /Library/Developer/CommandLineTools/usr/lib/clang/14.0.0/include/xmmintrin.h:17:
/Library/Developer/CommandLineTools/usr/lib/clang/14.0.0/include/mmintrin.h:14:2: error: "This header is only meant to be used on x86 and x64 architecture"
#error "This header is only meant to be used on x86 and x64 architecture"
 ^
/Library/Developer/CommandLineTools/usr/lib/clang/14.0.0/include/mmintrin.h:37:5: error: use of undeclared identifier '__builtin_ia32_emms'; did you mean '__builtin_isless'?
    __builtin_ia32_emms();
    ^
/Library/Developer/CommandLineTools/usr/lib/clang/14.0.0/include/mmintrin.h:37:5: note: '__builtin_isless' declared here
/Library/Developer/CommandLineTools/usr/lib/clang/14.0.0/include/mmintrin.h:37:25: error: too few arguments to function call, expected 2, have 0
    __builtin_ia32_emms();
    ~~~~~~~~~~~~~~~~~~~~^
/Library/Developer/CommandLineTools/usr/lib/clang/14.0.0/include/mmintrin.h:54:19: error: use of undeclared identifier '__builtin_ia32_vec_init_v2si'
    return (__m64)__builtin_ia32_vec_init_v2si(__i, 0);
                  ^
/Library/Developer/CommandLineTools/usr/lib/clang/14.0.0/include/mmintrin.h:71:12: error: use of undeclared identifier '__builtin_ia32_vec_ext_v2si'
    return __builtin_ia32_vec_ext_v2si((__v2si)__m, 0);
           ^
/Library/Developer/CommandLineTools/usr/lib/clang/14.0.0/include/mmintrin.h:133:19: error: use of undeclared identifier '__builtin_ia32_packsswb'
    return (__m64)__builtin_ia32_packsswb((__v4hi)__m1, (__v4hi)__m2);
                  ^
/Library/Developer/CommandLineTools/usr/lib/clang/14.0.0/include/mmintrin.h:163:19: error: use of undeclared identifier '__builtin_ia32_packssdw'
    return (__m64)__builtin_ia32_packssdw((__v2si)__m1, (__v2si)__m2);
                  ^
/Library/Developer/CommandLineTools/usr/lib/clang/14.0.0/include/mmintrin.h:193:19: error: use of undeclared identifier '__builtin_ia32_packuswb'
    return (__m64)__builtin_ia32_packuswb((__v4hi)__m1, (__v4hi)__m2);
                  ^
/Library/Developer/CommandLineTools/usr/lib/clang/14.0.0/include/mmintrin.h:220:19: error: use of undeclared identifier '__builtin_ia32_punpckhbw'
    return (__m64)__builtin_ia32_punpckhbw((__v8qi)__m1, (__v8qi)__m2);
                  ^
/Library/Developer/CommandLineTools/usr/lib/clang/14.0.0/include/mmintrin.h:243:19: error: use of undeclared identifier '__builtin_ia32_punpckhwd'
    return (__m64)__builtin_ia32_punpckhwd((__v4hi)__m1, (__v4hi)__m2);
                  ^
/Library/Developer/CommandLineTools/usr/lib/clang/14.0.0/include/mmintrin.h:264:19: error: use of undeclared identifier '__builtin_ia32_punpckhdq'
    return (__m64)__builtin_ia32_punpckhdq((__v2si)__m1, (__v2si)__m2);
                  ^
/Library/Developer/CommandLineTools/usr/lib/clang/14.0.0/include/mmintrin.h:291:19: error: use of undeclared identifier '__builtin_ia32_punpcklbw'
    return (__m64)__builtin_ia32_punpcklbw((__v8qi)__m1, (__v8qi)__m2);
                  ^
/Library/Developer/CommandLineTools/usr/lib/clang/14.0.0/include/mmintrin.h:314:19: error: use of undeclared identifier '__builtin_ia32_punpcklwd'
    return (__m64)__builtin_ia32_punpcklwd((__v4hi)__m1, (__v4hi)__m2);
                  ^
/Library/Developer/CommandLineTools/usr/lib/clang/14.0.0/include/mmintrin.h:335:19: error: use of undeclared identifier '__builtin_ia32_punpckldq'
    return (__m64)__builtin_ia32_punpckldq((__v2si)__m1, (__v2si)__m2);
                  ^
/Library/Developer/CommandLineTools/usr/lib/clang/14.0.0/include/mmintrin.h:356:19: error: use of undeclared identifier '__builtin_ia32_paddb'; did you mean '__builtin_arm_addg'?
    return (__m64)__builtin_ia32_paddb((__v8qi)__m1, (__v8qi)__m2);
                  ^
/Library/Developer/CommandLineTools/usr/lib/clang/14.0.0/include/mmintrin.h:356:19: note: '__builtin_arm_addg' declared here
/Library/Developer/CommandLineTools/usr/lib/clang/14.0.0/include/mmintrin.h:356:19: error: first argument of MTE builtin function must be a pointer ('__v8qi' (vector of 8 'char' values) invalid)
    return (__m64)__builtin_ia32_paddb((__v8qi)__m1, (__v8qi)__m2);
                  ^                    ~~~~~~~~~~~~
/Library/Developer/CommandLineTools/usr/lib/clang/14.0.0/include/mmintrin.h:377:19: error: use of undeclared identifier '__builtin_ia32_paddw'; did you mean '__builtin_arm_addg'?
    return (__m64)__builtin_ia32_paddw((__v4hi)__m1, (__v4hi)__m2);
                  ^
/Library/Developer/CommandLineTools/usr/lib/clang/14.0.0/include/mmintrin.h:356:19: note: '__builtin_arm_addg' declared here
    return (__m64)__builtin_ia32_paddb((__v8qi)__m1, (__v8qi)__m2);
                  ^
fatal error: too many errors emitted, stopping now [-ferror-limit=]
20 errors generated.
make[1]: *** [CMakeFiles/cmTC_33487.dir/src.cxx.o] Error 1
make: *** [cmTC_33487/fast] Error 2


...and run output:

Return value: 1
Source file was:

  #include <emmintrin.h>

  int main()
  {
    __m128d a;
    double vals[2] = {0,0};
    a = _mm_loadu_pd(vals);  // SSE2
    return 0;
  }
Performing C++ SOURCE FILE Test CXX_HAS_SSE2_2 failed with the following output:
Change Dir: /Users/liyinbin/github/gottingen/lambda/build/CMakeFiles/CMakeTmp

Run Build Command(s):/usr/bin/make cmTC_eb2c3/fast && /Library/Developer/CommandLineTools/usr/bin/make  -f CMakeFiles/cmTC_eb2c3.dir/build.make CMakeFiles/cmTC_eb2c3.dir/build
Building CXX object CMakeFiles/cmTC_eb2c3.dir/src.cxx.o
/Library/Developer/CommandLineTools/usr/bin/c++    -DCXX_HAS_SSE2_2 /arch:SSE2 -isysroot /Library/Developer/CommandLineTools/SDKs/MacOSX13.1.sdk -mmacosx-version-min=12.5   -std=gnu++14 -o CMakeFiles/cmTC_eb2c3.dir/src.cxx.o -c /Users/liyinbin/github/gottingen/lambda/build/CMakeFiles/CMakeTmp/src.cxx
clang: error: no such file or directory: '/arch:SSE2'
make[1]: *** [CMakeFiles/cmTC_eb2c3.dir/src.cxx.o] Error 1
make: *** [cmTC_eb2c3/fast] Error 2


...and run output:

Return value: 1
Source file was:

  #include <emmintrin.h>

  int main()
  {
    __m128d a;
    double vals[2] = {0,0};
    a = _mm_loadu_pd(vals);  // SSE2
    return 0;
  }
Performing C++ SOURCE FILE Test CXX_HAS_SSE3_1 failed with the following output:
Change Dir: /Users/liyinbin/github/gottingen/lambda/build/CMakeFiles/CMakeTmp

Run Build Command(s):/usr/bin/make cmTC_a63f0/fast && /Library/Developer/CommandLineTools/usr/bin/make  -f CMakeFiles/cmTC_a63f0.dir/build.make CMakeFiles/cmTC_a63f0.dir/build
Building CXX object CMakeFiles/cmTC_a63f0.dir/src.cxx.o
/Library/Developer/CommandLineTools/usr/bin/c++    -DCXX_HAS_SSE3_1 -msse3 -isysroot /Library/Developer/CommandLineTools/SDKs/MacOSX13.1.sdk -mmacosx-version-min=12.5   -std=gnu++14 -o CMakeFiles/cmTC_a63f0.dir/src.cxx.o -c /Users/liyinbin/github/gottingen/lambda/build/CMakeFiles/CMakeTmp/src.cxx
clang: warning: argument unused during compilation: '-msse3' [-Wunused-command-line-argument]
In file included from /Users/liyinbin/github/gottingen/lambda/build/CMakeFiles/CMakeTmp/src.cxx:2:
/Library/Developer/CommandLineTools/usr/lib/clang/14.0.0/include/pmmintrin.h:14:2: error: "This header is only meant to be used on x86 and x64 architecture"
#error "This header is only meant to be used on x86 and x64 architecture"
 ^
In file included from /Users/liyinbin/github/gottingen/lambda/build/CMakeFiles/CMakeTmp/src.cxx:2:
In file included from /Library/Developer/CommandLineTools/usr/lib/clang/14.0.0/include/pmmintrin.h:17:
/Library/Developer/CommandLineTools/usr/lib/clang/14.0.0/include/emmintrin.h:14:2: error: "This header is only meant to be used on x86 and x64 architecture"
#error "This header is only meant to be used on x86 and x64 architecture"
 ^
In file included from /Users/liyinbin/github/gottingen/lambda/build/CMakeFiles/CMakeTmp/src.cxx:2:
In file included from /Library/Developer/CommandLineTools/usr/lib/clang/14.0.0/include/pmmintrin.h:17:
In file included from /Library/Developer/CommandLineTools/usr/lib/clang/14.0.0/include/emmintrin.h:17:
/Library/Developer/CommandLineTools/usr/lib/clang/14.0.0/include/xmmintrin.h:14:2: error: "This header is only meant to be used on x86 and x64 architecture"
#error "This header is only meant to be used on x86 and x64 architecture"
 ^
In file included from /Users/liyinbin/github/gottingen/lambda/build/CMakeFiles/CMakeTmp/src.cxx:2:
In file included from /Library/Developer/CommandLineTools/usr/lib/clang/14.0.0/include/pmmintrin.h:17:
In file included from /Library/Developer/CommandLineTools/usr/lib/clang/14.0.0/include/emmintrin.h:17:
In file included from /Library/Developer/CommandLineTools/usr/lib/clang/14.0.0/include/xmmintrin.h:17:
/Library/Developer/CommandLineTools/usr/lib/clang/14.0.0/include/mmintrin.h:14:2: error: "This header is only meant to be used on x86 and x64 architecture"
#error "This header is only meant to be used on x86 and x64 architecture"
 ^
/Library/Developer/CommandLineTools/usr/lib/clang/14.0.0/include/mmintrin.h:37:5: error: use of undeclared identifier '__builtin_ia32_emms'; did you mean '__builtin_isless'?
    __builtin_ia32_emms();
    ^
/Library/Developer/CommandLineTools/usr/lib/clang/14.0.0/include/mmintrin.h:37:5: note: '__builtin_isless' declared here
/Library/Developer/CommandLineTools/usr/lib/clang/14.0.0/include/mmintrin.h:37:25: error: too few arguments to function call, expected 2, have 0
    __builtin_ia32_emms();
    ~~~~~~~~~~~~~~~~~~~~^
/Library/Developer/CommandLineTools/usr/lib/clang/14.0.0/include/mmintrin.h:54:19: error: use of undeclared identifier '__builtin_ia32_vec_init_v2si'
    return (__m64)__builtin_ia32_vec_init_v2si(__i, 0);
                  ^
/Library/Developer/CommandLineTools/usr/lib/clang/14.0.0/include/mmintrin.h:71:12: error: use of undeclared identifier '__builtin_ia32_vec_ext_v2si'
    return __builtin_ia32_vec_ext_v2si((__v2si)__m, 0);
           ^
/Library/Developer/CommandLineTools/usr/lib/clang/14.0.0/include/mmintrin.h:133:19: error: use of undeclared identifier '__builtin_ia32_packsswb'
    return (__m64)__builtin_ia32_packsswb((__v4hi)__m1, (__v4hi)__m2);
                  ^
/Library/Developer/CommandLineTools/usr/lib/clang/14.0.0/include/mmintrin.h:163:19: error: use of undeclared identifier '__builtin_ia32_packssdw'
    return (__m64)__builtin_ia32_packssdw((__v2si)__m1, (__v2si)__m2);
                  ^
/Library/Developer/CommandLineTools/usr/lib/clang/14.0.0/include/mmintrin.h:193:19: error: use of undeclared identifier '__builtin_ia32_packuswb'
    return (__m64)__builtin_ia32_packuswb((__v4hi)__m1, (__v4hi)__m2);
                  ^
/Library/Developer/CommandLineTools/usr/lib/clang/14.0.0/include/mmintrin.h:220:19: error: use of undeclared identifier '__builtin_ia32_punpckhbw'
    return (__m64)__builtin_ia32_punpckhbw((__v8qi)__m1, (__v8qi)__m2);
                  ^
/Library/Developer/CommandLineTools/usr/lib/clang/14.0.0/include/mmintrin.h:243:19: error: use of undeclared identifier '__builtin_ia32_punpckhwd'
    return (__m64)__builtin_ia32_punpckhwd((__v4hi)__m1, (__v4hi)__m2);
                  ^
/Library/Developer/CommandLineTools/usr/lib/clang/14.0.0/include/mmintrin.h:264:19: error: use of undeclared identifier '__builtin_ia32_punpckhdq'
    return (__m64)__builtin_ia32_punpckhdq((__v2si)__m1, (__v2si)__m2);
                  ^
/Library/Developer/CommandLineTools/usr/lib/clang/14.0.0/include/mmintrin.h:291:19: error: use of undeclared identifier '__builtin_ia32_punpcklbw'
    return (__m64)__builtin_ia32_punpcklbw((__v8qi)__m1, (__v8qi)__m2);
                  ^
/Library/Developer/CommandLineTools/usr/lib/clang/14.0.0/include/mmintrin.h:314:19: error: use of undeclared identifier '__builtin_ia32_punpcklwd'
    return (__m64)__builtin_ia32_punpcklwd((__v4hi)__m1, (__v4hi)__m2);
                  ^
/Library/Developer/CommandLineTools/usr/lib/clang/14.0.0/include/mmintrin.h:335:19: error: use of undeclared identifier '__builtin_ia32_punpckldq'
    return (__m64)__builtin_ia32_punpckldq((__v2si)__m1, (__v2si)__m2);
                  ^
/Library/Developer/CommandLineTools/usr/lib/clang/14.0.0/include/mmintrin.h:356:19: error: use of undeclared identifier '__builtin_ia32_paddb'; did you mean '__builtin_arm_addg'?
    return (__m64)__builtin_ia32_paddb((__v8qi)__m1, (__v8qi)__m2);
                  ^
/Library/Developer/CommandLineTools/usr/lib/clang/14.0.0/include/mmintrin.h:356:19: note: '__builtin_arm_addg' declared here
/Library/Developer/CommandLineTools/usr/lib/clang/14.0.0/include/mmintrin.h:356:19: error: first argument of MTE builtin function must be a pointer ('__v8qi' (vector of 8 'char' values) invalid)
    return (__m64)__builtin_ia32_paddb((__v8qi)__m1, (__v8qi)__m2);
                  ^                    ~~~~~~~~~~~~
fatal error: too many errors emitted, stopping now [-ferror-limit=]
20 errors generated.
make[1]: *** [CMakeFiles/cmTC_a63f0.dir/src.cxx.o] Error 1
make: *** [cmTC_a63f0/fast] Error 2


...and run output:

Return value: 1
Source file was:

#include <pmmintrin.h>
int main() {
    __m128 u, v;
    u = _mm_set1_ps(0.0f);
    v = _mm_moveldup_ps(u); // SSE3
    return 0;
}
Performing C++ SOURCE FILE Test CXX_HAS_SSE3_2 failed with the following output:
Change Dir: /Users/liyinbin/github/gottingen/lambda/build/CMakeFiles/CMakeTmp

Run Build Command(s):/usr/bin/make cmTC_181b4/fast && /Library/Developer/CommandLineTools/usr/bin/make  -f CMakeFiles/cmTC_181b4.dir/build.make CMakeFiles/cmTC_181b4.dir/build
Building CXX object CMakeFiles/cmTC_181b4.dir/src.cxx.o
/Library/Developer/CommandLineTools/usr/bin/c++    -DCXX_HAS_SSE3_2 /arch:SSE3 -isysroot /Library/Developer/CommandLineTools/SDKs/MacOSX13.1.sdk -mmacosx-version-min=12.5   -std=gnu++14 -o CMakeFiles/cmTC_181b4.dir/src.cxx.o -c /Users/liyinbin/github/gottingen/lambda/build/CMakeFiles/CMakeTmp/src.cxx
clang: error: no such file or directory: '/arch:SSE3'
make[1]: *** [CMakeFiles/cmTC_181b4.dir/src.cxx.o] Error 1
make: *** [cmTC_181b4/fast] Error 2


...and run output:

Return value: 1
Source file was:

#include <pmmintrin.h>
int main() {
    __m128 u, v;
    u = _mm_set1_ps(0.0f);
    v = _mm_moveldup_ps(u); // SSE3
    return 0;
}
Performing C++ SOURCE FILE Test CXX_HAS_SSSE3_1 failed with the following output:
Change Dir: /Users/liyinbin/github/gottingen/lambda/build/CMakeFiles/CMakeTmp

Run Build Command(s):/usr/bin/make cmTC_ca695/fast && /Library/Developer/CommandLineTools/usr/bin/make  -f CMakeFiles/cmTC_ca695.dir/build.make CMakeFiles/cmTC_ca695.dir/build
Building CXX object CMakeFiles/cmTC_ca695.dir/src.cxx.o
/Library/Developer/CommandLineTools/usr/bin/c++    -DCXX_HAS_SSSE3_1 -mssse3 -isysroot /Library/Developer/CommandLineTools/SDKs/MacOSX13.1.sdk -mmacosx-version-min=12.5   -std=gnu++14 -o CMakeFiles/cmTC_ca695.dir/src.cxx.o -c /Users/liyinbin/github/gottingen/lambda/build/CMakeFiles/CMakeTmp/src.cxx
clang: warning: argument unused during compilation: '-mssse3' [-Wunused-command-line-argument]
In file included from /Users/liyinbin/github/gottingen/lambda/build/CMakeFiles/CMakeTmp/src.cxx:2:
/Library/Developer/CommandLineTools/usr/lib/clang/14.0.0/include/tmmintrin.h:14:2: error: "This header is only meant to be used on x86 and x64 architecture"
#error "This header is only meant to be used on x86 and x64 architecture"
 ^
In file included from /Users/liyinbin/github/gottingen/lambda/build/CMakeFiles/CMakeTmp/src.cxx:2:
In file included from /Library/Developer/CommandLineTools/usr/lib/clang/14.0.0/include/tmmintrin.h:17:
/Library/Developer/CommandLineTools/usr/lib/clang/14.0.0/include/pmmintrin.h:14:2: error: "This header is only meant to be used on x86 and x64 architecture"
#error "This header is only meant to be used on x86 and x64 architecture"
 ^
In file included from /Users/liyinbin/github/gottingen/lambda/build/CMakeFiles/CMakeTmp/src.cxx:2:
In file included from /Library/Developer/CommandLineTools/usr/lib/clang/14.0.0/include/tmmintrin.h:17:
In file included from /Library/Developer/CommandLineTools/usr/lib/clang/14.0.0/include/pmmintrin.h:17:
/Library/Developer/CommandLineTools/usr/lib/clang/14.0.0/include/emmintrin.h:14:2: error: "This header is only meant to be used on x86 and x64 architecture"
#error "This header is only meant to be used on x86 and x64 architecture"
 ^
In file included from /Users/liyinbin/github/gottingen/lambda/build/CMakeFiles/CMakeTmp/src.cxx:2:
In file included from /Library/Developer/CommandLineTools/usr/lib/clang/14.0.0/include/tmmintrin.h:17:
In file included from /Library/Developer/CommandLineTools/usr/lib/clang/14.0.0/include/pmmintrin.h:17:
In file included from /Library/Developer/CommandLineTools/usr/lib/clang/14.0.0/include/emmintrin.h:17:
/Library/Developer/CommandLineTools/usr/lib/clang/14.0.0/include/xmmintrin.h:14:2: error: "This header is only meant to be used on x86 and x64 architecture"
#error "This header is only meant to be used on x86 and x64 architecture"
 ^
In file included from /Users/liyinbin/github/gottingen/lambda/build/CMakeFiles/CMakeTmp/src.cxx:2:
In file included from /Library/Developer/CommandLineTools/usr/lib/clang/14.0.0/include/tmmintrin.h:17:
In file included from /Library/Developer/CommandLineTools/usr/lib/clang/14.0.0/include/pmmintrin.h:17:
In file included from /Library/Developer/CommandLineTools/usr/lib/clang/14.0.0/include/emmintrin.h:17:
In file included from /Library/Developer/CommandLineTools/usr/lib/clang/14.0.0/include/xmmintrin.h:17:
/Library/Developer/CommandLineTools/usr/lib/clang/14.0.0/include/mmintrin.h:14:2: error: "This header is only meant to be used on x86 and x64 architecture"
#error "This header is only meant to be used on x86 and x64 architecture"
 ^
/Library/Developer/CommandLineTools/usr/lib/clang/14.0.0/include/mmintrin.h:37:5: error: use of undeclared identifier '__builtin_ia32_emms'; did you mean '__builtin_isless'?
    __builtin_ia32_emms();
    ^
/Library/Developer/CommandLineTools/usr/lib/clang/14.0.0/include/mmintrin.h:37:5: note: '__builtin_isless' declared here
/Library/Developer/CommandLineTools/usr/lib/clang/14.0.0/include/mmintrin.h:37:25: error: too few arguments to function call, expected 2, have 0
    __builtin_ia32_emms();
    ~~~~~~~~~~~~~~~~~~~~^
/Library/Developer/CommandLineTools/usr/lib/clang/14.0.0/include/mmintrin.h:54:19: error: use of undeclared identifier '__builtin_ia32_vec_init_v2si'
    return (__m64)__builtin_ia32_vec_init_v2si(__i, 0);
                  ^
/Library/Developer/CommandLineTools/usr/lib/clang/14.0.0/include/mmintrin.h:71:12: error: use of undeclared identifier '__builtin_ia32_vec_ext_v2si'
    return __builtin_ia32_vec_ext_v2si((__v2si)__m, 0);
           ^
/Library/Developer/CommandLineTools/usr/lib/clang/14.0.0/include/mmintrin.h:133:19: error: use of undeclared identifier '__builtin_ia32_packsswb'
    return (__m64)__builtin_ia32_packsswb((__v4hi)__m1, (__v4hi)__m2);
                  ^
/Library/Developer/CommandLineTools/usr/lib/clang/14.0.0/include/mmintrin.h:163:19: error: use of undeclared identifier '__builtin_ia32_packssdw'
    return (__m64)__builtin_ia32_packssdw((__v2si)__m1, (__v2si)__m2);
                  ^
/Library/Developer/CommandLineTools/usr/lib/clang/14.0.0/include/mmintrin.h:193:19: error: use of undeclared identifier '__builtin_ia32_packuswb'
    return (__m64)__builtin_ia32_packuswb((__v4hi)__m1, (__v4hi)__m2);
                  ^
/Library/Developer/CommandLineTools/usr/lib/clang/14.0.0/include/mmintrin.h:220:19: error: use of undeclared identifier '__builtin_ia32_punpckhbw'
    return (__m64)__builtin_ia32_punpckhbw((__v8qi)__m1, (__v8qi)__m2);
                  ^
/Library/Developer/CommandLineTools/usr/lib/clang/14.0.0/include/mmintrin.h:243:19: error: use of undeclared identifier '__builtin_ia32_punpckhwd'
    return (__m64)__builtin_ia32_punpckhwd((__v4hi)__m1, (__v4hi)__m2);
                  ^
/Library/Developer/CommandLineTools/usr/lib/clang/14.0.0/include/mmintrin.h:264:19: error: use of undeclared identifier '__builtin_ia32_punpckhdq'
    return (__m64)__builtin_ia32_punpckhdq((__v2si)__m1, (__v2si)__m2);
                  ^
/Library/Developer/CommandLineTools/usr/lib/clang/14.0.0/include/mmintrin.h:291:19: error: use of undeclared identifier '__builtin_ia32_punpcklbw'
    return (__m64)__builtin_ia32_punpcklbw((__v8qi)__m1, (__v8qi)__m2);
                  ^
/Library/Developer/CommandLineTools/usr/lib/clang/14.0.0/include/mmintrin.h:314:19: error: use of undeclared identifier '__builtin_ia32_punpcklwd'
    return (__m64)__builtin_ia32_punpcklwd((__v4hi)__m1, (__v4hi)__m2);
                  ^
/Library/Developer/CommandLineTools/usr/lib/clang/14.0.0/include/mmintrin.h:335:19: error: use of undeclared identifier '__builtin_ia32_punpckldq'
    return (__m64)__builtin_ia32_punpckldq((__v2si)__m1, (__v2si)__m2);
                  ^
/Library/Developer/CommandLineTools/usr/lib/clang/14.0.0/include/mmintrin.h:356:19: error: use of undeclared identifier '__builtin_ia32_paddb'; did you mean '__builtin_arm_addg'?
    return (__m64)__builtin_ia32_paddb((__v8qi)__m1, (__v8qi)__m2);
                  ^
/Library/Developer/CommandLineTools/usr/lib/clang/14.0.0/include/mmintrin.h:356:19: note: '__builtin_arm_addg' declared here
fatal error: too many errors emitted, stopping now [-ferror-limit=]
20 errors generated.
make[1]: *** [CMakeFiles/cmTC_ca695.dir/src.cxx.o] Error 1
make: *** [cmTC_ca695/fast] Error 2


...and run output:

Return value: 1
Source file was:

  #include <tmmintrin.h>
  const double v = 0;
  int main() {
    __m128i a = _mm_setzero_si128();
    __m128i b = _mm_abs_epi32(a); // SSSE3
    return 0;
  }
Performing C++ SOURCE FILE Test CXX_HAS_SSSE3_2 failed with the following output:
Change Dir: /Users/liyinbin/github/gottingen/lambda/build/CMakeFiles/CMakeTmp

Run Build Command(s):/usr/bin/make cmTC_17b4f/fast && /Library/Developer/CommandLineTools/usr/bin/make  -f CMakeFiles/cmTC_17b4f.dir/build.make CMakeFiles/cmTC_17b4f.dir/build
Building CXX object CMakeFiles/cmTC_17b4f.dir/src.cxx.o
/Library/Developer/CommandLineTools/usr/bin/c++    -DCXX_HAS_SSSE3_2 /arch:SSSE3 -isysroot /Library/Developer/CommandLineTools/SDKs/MacOSX13.1.sdk -mmacosx-version-min=12.5   -std=gnu++14 -o CMakeFiles/cmTC_17b4f.dir/src.cxx.o -c /Users/liyinbin/github/gottingen/lambda/build/CMakeFiles/CMakeTmp/src.cxx
clang: error: no such file or directory: '/arch:SSSE3'
make[1]: *** [CMakeFiles/cmTC_17b4f.dir/src.cxx.o] Error 1
make: *** [cmTC_17b4f/fast] Error 2


...and run output:

Return value: 1
Source file was:

  #include <tmmintrin.h>
  const double v = 0;
  int main() {
    __m128i a = _mm_setzero_si128();
    __m128i b = _mm_abs_epi32(a); // SSSE3
    return 0;
  }
Performing C++ SOURCE FILE Test CXX_HAS_SSE4_1_1 failed with the following output:
Change Dir: /Users/liyinbin/github/gottingen/lambda/build/CMakeFiles/CMakeTmp

Run Build Command(s):/usr/bin/make cmTC_9c090/fast && /Library/Developer/CommandLineTools/usr/bin/make  -f CMakeFiles/cmTC_9c090.dir/build.make CMakeFiles/cmTC_9c090.dir/build
Building CXX object CMakeFiles/cmTC_9c090.dir/src.cxx.o
/Library/Developer/CommandLineTools/usr/bin/c++    -DCXX_HAS_SSE4_1_1 -msse4.1 -isysroot /Library/Developer/CommandLineTools/SDKs/MacOSX13.1.sdk -mmacosx-version-min=12.5   -std=gnu++14 -o CMakeFiles/cmTC_9c090.dir/src.cxx.o -c /Users/liyinbin/github/gottingen/lambda/build/CMakeFiles/CMakeTmp/src.cxx
clang: warning: argument unused during compilation: '-msse4.1' [-Wunused-command-line-argument]
In file included from /Users/liyinbin/github/gottingen/lambda/build/CMakeFiles/CMakeTmp/src.cxx:2:
/Library/Developer/CommandLineTools/usr/lib/clang/14.0.0/include/smmintrin.h:14:2: error: "This header is only meant to be used on x86 and x64 architecture"
#error "This header is only meant to be used on x86 and x64 architecture"
 ^
In file included from /Users/liyinbin/github/gottingen/lambda/build/CMakeFiles/CMakeTmp/src.cxx:2:
In file included from /Library/Developer/CommandLineTools/usr/lib/clang/14.0.0/include/smmintrin.h:17:
/Library/Developer/CommandLineTools/usr/lib/clang/14.0.0/include/tmmintrin.h:14:2: error: "This header is only meant to be used on x86 and x64 architecture"
#error "This header is only meant to be used on x86 and x64 architecture"
 ^
In file included from /Users/liyinbin/github/gottingen/lambda/build/CMakeFiles/CMakeTmp/src.cxx:2:
In file included from /Library/Developer/CommandLineTools/usr/lib/clang/14.0.0/include/smmintrin.h:17:
In file included from /Library/Developer/CommandLineTools/usr/lib/clang/14.0.0/include/tmmintrin.h:17:
/Library/Developer/CommandLineTools/usr/lib/clang/14.0.0/include/pmmintrin.h:14:2: error: "This header is only meant to be used on x86 and x64 architecture"
#error "This header is only meant to be used on x86 and x64 architecture"
 ^
In file included from /Users/liyinbin/github/gottingen/lambda/build/CMakeFiles/CMakeTmp/src.cxx:2:
In file included from /Library/Developer/CommandLineTools/usr/lib/clang/14.0.0/include/smmintrin.h:17:
In file included from /Library/Developer/CommandLineTools/usr/lib/clang/14.0.0/include/tmmintrin.h:17:
In file included from /Library/Developer/CommandLineTools/usr/lib/clang/14.0.0/include/pmmintrin.h:17:
/Library/Developer/CommandLineTools/usr/lib/clang/14.0.0/include/emmintrin.h:14:2: error: "This header is only meant to be used on x86 and x64 architecture"
#error "This header is only meant to be used on x86 and x64 architecture"
 ^
In file included from /Users/liyinbin/github/gottingen/lambda/build/CMakeFiles/CMakeTmp/src.cxx:2:
In file included from /Library/Developer/CommandLineTools/usr/lib/clang/14.0.0/include/smmintrin.h:17:
In file included from /Library/Developer/CommandLineTools/usr/lib/clang/14.0.0/include/tmmintrin.h:17:
In file included from /Library/Developer/CommandLineTools/usr/lib/clang/14.0.0/include/pmmintrin.h:17:
In file included from /Library/Developer/CommandLineTools/usr/lib/clang/14.0.0/include/emmintrin.h:17:
/Library/Developer/CommandLineTools/usr/lib/clang/14.0.0/include/xmmintrin.h:14:2: error: "This header is only meant to be used on x86 and x64 architecture"
#error "This header is only meant to be used on x86 and x64 architecture"
 ^
In file included from /Users/liyinbin/github/gottingen/lambda/build/CMakeFiles/CMakeTmp/src.cxx:2:
In file included from /Library/Developer/CommandLineTools/usr/lib/clang/14.0.0/include/smmintrin.h:17:
In file included from /Library/Developer/CommandLineTools/usr/lib/clang/14.0.0/include/tmmintrin.h:17:
In file included from /Library/Developer/CommandLineTools/usr/lib/clang/14.0.0/include/pmmintrin.h:17:
In file included from /Library/Developer/CommandLineTools/usr/lib/clang/14.0.0/include/emmintrin.h:17:
In file included from /Library/Developer/CommandLineTools/usr/lib/clang/14.0.0/include/xmmintrin.h:17:
/Library/Developer/CommandLineTools/usr/lib/clang/14.0.0/include/mmintrin.h:14:2: error: "This header is only meant to be used on x86 and x64 architecture"
#error "This header is only meant to be used on x86 and x64 architecture"
 ^
/Library/Developer/CommandLineTools/usr/lib/clang/14.0.0/include/mmintrin.h:37:5: error: use of undeclared identifier '__builtin_ia32_emms'; did you mean '__builtin_isless'?
    __builtin_ia32_emms();
    ^
/Library/Developer/CommandLineTools/usr/lib/clang/14.0.0/include/mmintrin.h:37:5: note: '__builtin_isless' declared here
/Library/Developer/CommandLineTools/usr/lib/clang/14.0.0/include/mmintrin.h:37:25: error: too few arguments to function call, expected 2, have 0
    __builtin_ia32_emms();
    ~~~~~~~~~~~~~~~~~~~~^
/Library/Developer/CommandLineTools/usr/lib/clang/14.0.0/include/mmintrin.h:54:19: error: use of undeclared identifier '__builtin_ia32_vec_init_v2si'
    return (__m64)__builtin_ia32_vec_init_v2si(__i, 0);
                  ^
/Library/Developer/CommandLineTools/usr/lib/clang/14.0.0/include/mmintrin.h:71:12: error: use of undeclared identifier '__builtin_ia32_vec_ext_v2si'
    return __builtin_ia32_vec_ext_v2si((__v2si)__m, 0);
           ^
/Library/Developer/CommandLineTools/usr/lib/clang/14.0.0/include/mmintrin.h:133:19: error: use of undeclared identifier '__builtin_ia32_packsswb'
    return (__m64)__builtin_ia32_packsswb((__v4hi)__m1, (__v4hi)__m2);
                  ^
/Library/Developer/CommandLineTools/usr/lib/clang/14.0.0/include/mmintrin.h:163:19: error: use of undeclared identifier '__builtin_ia32_packssdw'
    return (__m64)__builtin_ia32_packssdw((__v2si)__m1, (__v2si)__m2);
                  ^
/Library/Developer/CommandLineTools/usr/lib/clang/14.0.0/include/mmintrin.h:193:19: error: use of undeclared identifier '__builtin_ia32_packuswb'
    return (__m64)__builtin_ia32_packuswb((__v4hi)__m1, (__v4hi)__m2);
                  ^
/Library/Developer/CommandLineTools/usr/lib/clang/14.0.0/include/mmintrin.h:220:19: error: use of undeclared identifier '__builtin_ia32_punpckhbw'
    return (__m64)__builtin_ia32_punpckhbw((__v8qi)__m1, (__v8qi)__m2);
                  ^
/Library/Developer/CommandLineTools/usr/lib/clang/14.0.0/include/mmintrin.h:243:19: error: use of undeclared identifier '__builtin_ia32_punpckhwd'
    return (__m64)__builtin_ia32_punpckhwd((__v4hi)__m1, (__v4hi)__m2);
                  ^
/Library/Developer/CommandLineTools/usr/lib/clang/14.0.0/include/mmintrin.h:264:19: error: use of undeclared identifier '__builtin_ia32_punpckhdq'
    return (__m64)__builtin_ia32_punpckhdq((__v2si)__m1, (__v2si)__m2);
                  ^
/Library/Developer/CommandLineTools/usr/lib/clang/14.0.0/include/mmintrin.h:291:19: error: use of undeclared identifier '__builtin_ia32_punpcklbw'
    return (__m64)__builtin_ia32_punpcklbw((__v8qi)__m1, (__v8qi)__m2);
                  ^
/Library/Developer/CommandLineTools/usr/lib/clang/14.0.0/include/mmintrin.h:314:19: error: use of undeclared identifier '__builtin_ia32_punpcklwd'
    return (__m64)__builtin_ia32_punpcklwd((__v4hi)__m1, (__v4hi)__m2);
                  ^
/Library/Developer/CommandLineTools/usr/lib/clang/14.0.0/include/mmintrin.h:335:19: error: use of undeclared identifier '__builtin_ia32_punpckldq'
    return (__m64)__builtin_ia32_punpckldq((__v2si)__m1, (__v2si)__m2);
                  ^
fatal error: too many errors emitted, stopping now [-ferror-limit=]
20 errors generated.
make[1]: *** [CMakeFiles/cmTC_9c090.dir/src.cxx.o] Error 1
make: *** [cmTC_9c090/fast] Error 2


...and run output:

Return value: 1
Source file was:

  #include <smmintrin.h>

  int main ()
  {
    __m128i a = {0,0,0,0}, b = {0,0,0,0};
    __m128i res = _mm_max_epi8(a, b); // SSE4_1

    return 0;
  }

Performing C++ SOURCE FILE Test CXX_HAS_SSE4_1_2 failed with the following output:
Change Dir: /Users/liyinbin/github/gottingen/lambda/build/CMakeFiles/CMakeTmp

Run Build Command(s):/usr/bin/make cmTC_b3c62/fast && /Library/Developer/CommandLineTools/usr/bin/make  -f CMakeFiles/cmTC_b3c62.dir/build.make CMakeFiles/cmTC_b3c62.dir/build
Building CXX object CMakeFiles/cmTC_b3c62.dir/src.cxx.o
/Library/Developer/CommandLineTools/usr/bin/c++    -DCXX_HAS_SSE4_1_2 -msse4 -isysroot /Library/Developer/CommandLineTools/SDKs/MacOSX13.1.sdk -mmacosx-version-min=12.5   -std=gnu++14 -o CMakeFiles/cmTC_b3c62.dir/src.cxx.o -c /Users/liyinbin/github/gottingen/lambda/build/CMakeFiles/CMakeTmp/src.cxx
clang: warning: argument unused during compilation: '-msse4' [-Wunused-command-line-argument]
In file included from /Users/liyinbin/github/gottingen/lambda/build/CMakeFiles/CMakeTmp/src.cxx:2:
/Library/Developer/CommandLineTools/usr/lib/clang/14.0.0/include/smmintrin.h:14:2: error: "This header is only meant to be used on x86 and x64 architecture"
#error "This header is only meant to be used on x86 and x64 architecture"
 ^
In file included from /Users/liyinbin/github/gottingen/lambda/build/CMakeFiles/CMakeTmp/src.cxx:2:
In file included from /Library/Developer/CommandLineTools/usr/lib/clang/14.0.0/include/smmintrin.h:17:
/Library/Developer/CommandLineTools/usr/lib/clang/14.0.0/include/tmmintrin.h:14:2: error: "This header is only meant to be used on x86 and x64 architecture"
#error "This header is only meant to be used on x86 and x64 architecture"
 ^
In file included from /Users/liyinbin/github/gottingen/lambda/build/CMakeFiles/CMakeTmp/src.cxx:2:
In file included from /Library/Developer/CommandLineTools/usr/lib/clang/14.0.0/include/smmintrin.h:17:
In file included from /Library/Developer/CommandLineTools/usr/lib/clang/14.0.0/include/tmmintrin.h:17:
/Library/Developer/CommandLineTools/usr/lib/clang/14.0.0/include/pmmintrin.h:14:2: error: "This header is only meant to be used on x86 and x64 architecture"
#error "This header is only meant to be used on x86 and x64 architecture"
 ^
In file included from /Users/liyinbin/github/gottingen/lambda/build/CMakeFiles/CMakeTmp/src.cxx:2:
In file included from /Library/Developer/CommandLineTools/usr/lib/clang/14.0.0/include/smmintrin.h:17:
In file included from /Library/Developer/CommandLineTools/usr/lib/clang/14.0.0/include/tmmintrin.h:17:
In file included from /Library/Developer/CommandLineTools/usr/lib/clang/14.0.0/include/pmmintrin.h:17:
/Library/Developer/CommandLineTools/usr/lib/clang/14.0.0/include/emmintrin.h:14:2: error: "This header is only meant to be used on x86 and x64 architecture"
#error "This header is only meant to be used on x86 and x64 architecture"
 ^
In file included from /Users/liyinbin/github/gottingen/lambda/build/CMakeFiles/CMakeTmp/src.cxx:2:
In file included from /Library/Developer/CommandLineTools/usr/lib/clang/14.0.0/include/smmintrin.h:17:
In file included from /Library/Developer/CommandLineTools/usr/lib/clang/14.0.0/include/tmmintrin.h:17:
In file included from /Library/Developer/CommandLineTools/usr/lib/clang/14.0.0/include/pmmintrin.h:17:
In file included from /Library/Developer/CommandLineTools/usr/lib/clang/14.0.0/include/emmintrin.h:17:
/Library/Developer/CommandLineTools/usr/lib/clang/14.0.0/include/xmmintrin.h:14:2: error: "This header is only meant to be used on x86 and x64 architecture"
#error "This header is only meant to be used on x86 and x64 architecture"
 ^
In file included from /Users/liyinbin/github/gottingen/lambda/build/CMakeFiles/CMakeTmp/src.cxx:2:
In file included from /Library/Developer/CommandLineTools/usr/lib/clang/14.0.0/include/smmintrin.h:17:
In file included from /Library/Developer/CommandLineTools/usr/lib/clang/14.0.0/include/tmmintrin.h:17:
In file included from /Library/Developer/CommandLineTools/usr/lib/clang/14.0.0/include/pmmintrin.h:17:
In file included from /Library/Developer/CommandLineTools/usr/lib/clang/14.0.0/include/emmintrin.h:17:
In file included from /Library/Developer/CommandLineTools/usr/lib/clang/14.0.0/include/xmmintrin.h:17:
/Library/Developer/CommandLineTools/usr/lib/clang/14.0.0/include/mmintrin.h:14:2: error: "This header is only meant to be used on x86 and x64 architecture"
#error "This header is only meant to be used on x86 and x64 architecture"
 ^
/Library/Developer/CommandLineTools/usr/lib/clang/14.0.0/include/mmintrin.h:37:5: error: use of undeclared identifier '__builtin_ia32_emms'; did you mean '__builtin_isless'?
    __builtin_ia32_emms();
    ^
/Library/Developer/CommandLineTools/usr/lib/clang/14.0.0/include/mmintrin.h:37:5: note: '__builtin_isless' declared here
/Library/Developer/CommandLineTools/usr/lib/clang/14.0.0/include/mmintrin.h:37:25: error: too few arguments to function call, expected 2, have 0
    __builtin_ia32_emms();
    ~~~~~~~~~~~~~~~~~~~~^
/Library/Developer/CommandLineTools/usr/lib/clang/14.0.0/include/mmintrin.h:54:19: error: use of undeclared identifier '__builtin_ia32_vec_init_v2si'
    return (__m64)__builtin_ia32_vec_init_v2si(__i, 0);
                  ^
/Library/Developer/CommandLineTools/usr/lib/clang/14.0.0/include/mmintrin.h:71:12: error: use of undeclared identifier '__builtin_ia32_vec_ext_v2si'
    return __builtin_ia32_vec_ext_v2si((__v2si)__m, 0);
           ^
/Library/Developer/CommandLineTools/usr/lib/clang/14.0.0/include/mmintrin.h:133:19: error: use of undeclared identifier '__builtin_ia32_packsswb'
    return (__m64)__builtin_ia32_packsswb((__v4hi)__m1, (__v4hi)__m2);
                  ^
/Library/Developer/CommandLineTools/usr/lib/clang/14.0.0/include/mmintrin.h:163:19: error: use of undeclared identifier '__builtin_ia32_packssdw'
    return (__m64)__builtin_ia32_packssdw((__v2si)__m1, (__v2si)__m2);
                  ^
/Library/Developer/CommandLineTools/usr/lib/clang/14.0.0/include/mmintrin.h:193:19: error: use of undeclared identifier '__builtin_ia32_packuswb'
    return (__m64)__builtin_ia32_packuswb((__v4hi)__m1, (__v4hi)__m2);
                  ^
/Library/Developer/CommandLineTools/usr/lib/clang/14.0.0/include/mmintrin.h:220:19: error: use of undeclared identifier '__builtin_ia32_punpckhbw'
    return (__m64)__builtin_ia32_punpckhbw((__v8qi)__m1, (__v8qi)__m2);
                  ^
/Library/Developer/CommandLineTools/usr/lib/clang/14.0.0/include/mmintrin.h:243:19: error: use of undeclared identifier '__builtin_ia32_punpckhwd'
    return (__m64)__builtin_ia32_punpckhwd((__v4hi)__m1, (__v4hi)__m2);
                  ^
/Library/Developer/CommandLineTools/usr/lib/clang/14.0.0/include/mmintrin.h:264:19: error: use of undeclared identifier '__builtin_ia32_punpckhdq'
    return (__m64)__builtin_ia32_punpckhdq((__v2si)__m1, (__v2si)__m2);
                  ^
/Library/Developer/CommandLineTools/usr/lib/clang/14.0.0/include/mmintrin.h:291:19: error: use of undeclared identifier '__builtin_ia32_punpcklbw'
    return (__m64)__builtin_ia32_punpcklbw((__v8qi)__m1, (__v8qi)__m2);
                  ^
/Library/Developer/CommandLineTools/usr/lib/clang/14.0.0/include/mmintrin.h:314:19: error: use of undeclared identifier '__builtin_ia32_punpcklwd'
    return (__m64)__builtin_ia32_punpcklwd((__v4hi)__m1, (__v4hi)__m2);
                  ^
/Library/Developer/CommandLineTools/usr/lib/clang/14.0.0/include/mmintrin.h:335:19: error: use of undeclared identifier '__builtin_ia32_punpckldq'
    return (__m64)__builtin_ia32_punpckldq((__v2si)__m1, (__v2si)__m2);
                  ^
fatal error: too many errors emitted, stopping now [-ferror-limit=]
20 errors generated.
make[1]: *** [CMakeFiles/cmTC_b3c62.dir/src.cxx.o] Error 1
make: *** [cmTC_b3c62/fast] Error 2


...and run output:

Return value: 1
Source file was:

  #include <smmintrin.h>

  int main ()
  {
    __m128i a = {0,0,0,0}, b = {0,0,0,0};
    __m128i res = _mm_max_epi8(a, b); // SSE4_1

    return 0;
  }

Performing C++ SOURCE FILE Test CXX_HAS_SSE4_1_3 failed with the following output:
Change Dir: /Users/liyinbin/github/gottingen/lambda/build/CMakeFiles/CMakeTmp

Run Build Command(s):/usr/bin/make cmTC_4abc4/fast && /Library/Developer/CommandLineTools/usr/bin/make  -f CMakeFiles/cmTC_4abc4.dir/build.make CMakeFiles/cmTC_4abc4.dir/build
Building CXX object CMakeFiles/cmTC_4abc4.dir/src.cxx.o
/Library/Developer/CommandLineTools/usr/bin/c++    -DCXX_HAS_SSE4_1_3 /arch:SSE4 -isysroot /Library/Developer/CommandLineTools/SDKs/MacOSX13.1.sdk -mmacosx-version-min=12.5   -std=gnu++14 -o CMakeFiles/cmTC_4abc4.dir/src.cxx.o -c /Users/liyinbin/github/gottingen/lambda/build/CMakeFiles/CMakeTmp/src.cxx
clang: error: no such file or directory: '/arch:SSE4'
make[1]: *** [CMakeFiles/cmTC_4abc4.dir/src.cxx.o] Error 1
make: *** [cmTC_4abc4/fast] Error 2


...and run output:

Return value: 1
Source file was:

  #include <smmintrin.h>

  int main ()
  {
    __m128i a = {0,0,0,0}, b = {0,0,0,0};
    __m128i res = _mm_max_epi8(a, b); // SSE4_1

    return 0;
  }

Performing C++ SOURCE FILE Test CXX_HAS_SSE4_2_1 failed with the following output:
Change Dir: /Users/liyinbin/github/gottingen/lambda/build/CMakeFiles/CMakeTmp

Run Build Command(s):/usr/bin/make cmTC_dc8e3/fast && /Library/Developer/CommandLineTools/usr/bin/make  -f CMakeFiles/cmTC_dc8e3.dir/build.make CMakeFiles/cmTC_dc8e3.dir/build
Building CXX object CMakeFiles/cmTC_dc8e3.dir/src.cxx.o
/Library/Developer/CommandLineTools/usr/bin/c++    -DCXX_HAS_SSE4_2_1 -msse4.2 -isysroot /Library/Developer/CommandLineTools/SDKs/MacOSX13.1.sdk -mmacosx-version-min=12.5   -std=gnu++14 -o CMakeFiles/cmTC_dc8e3.dir/src.cxx.o -c /Users/liyinbin/github/gottingen/lambda/build/CMakeFiles/CMakeTmp/src.cxx
clang: warning: argument unused during compilation: '-msse4.2' [-Wunused-command-line-argument]
In file included from /Users/liyinbin/github/gottingen/lambda/build/CMakeFiles/CMakeTmp/src.cxx:2:
/Library/Developer/CommandLineTools/usr/lib/clang/14.0.0/include/nmmintrin.h:14:2: error: "This header is only meant to be used on x86 and x64 architecture"
#error "This header is only meant to be used on x86 and x64 architecture"
 ^
In file included from /Users/liyinbin/github/gottingen/lambda/build/CMakeFiles/CMakeTmp/src.cxx:2:
In file included from /Library/Developer/CommandLineTools/usr/lib/clang/14.0.0/include/nmmintrin.h:19:
/Library/Developer/CommandLineTools/usr/lib/clang/14.0.0/include/smmintrin.h:14:2: error: "This header is only meant to be used on x86 and x64 architecture"
#error "This header is only meant to be used on x86 and x64 architecture"
 ^
In file included from /Users/liyinbin/github/gottingen/lambda/build/CMakeFiles/CMakeTmp/src.cxx:2:
In file included from /Library/Developer/CommandLineTools/usr/lib/clang/14.0.0/include/nmmintrin.h:19:
In file included from /Library/Developer/CommandLineTools/usr/lib/clang/14.0.0/include/smmintrin.h:17:
/Library/Developer/CommandLineTools/usr/lib/clang/14.0.0/include/tmmintrin.h:14:2: error: "This header is only meant to be used on x86 and x64 architecture"
#error "This header is only meant to be used on x86 and x64 architecture"
 ^
In file included from /Users/liyinbin/github/gottingen/lambda/build/CMakeFiles/CMakeTmp/src.cxx:2:
In file included from /Library/Developer/CommandLineTools/usr/lib/clang/14.0.0/include/nmmintrin.h:19:
In file included from /Library/Developer/CommandLineTools/usr/lib/clang/14.0.0/include/smmintrin.h:17:
In file included from /Library/Developer/CommandLineTools/usr/lib/clang/14.0.0/include/tmmintrin.h:17:
/Library/Developer/CommandLineTools/usr/lib/clang/14.0.0/include/pmmintrin.h:14:2: error: "This header is only meant to be used on x86 and x64 architecture"
#error "This header is only meant to be used on x86 and x64 architecture"
 ^
In file included from /Users/liyinbin/github/gottingen/lambda/build/CMakeFiles/CMakeTmp/src.cxx:2:
In file included from /Library/Developer/CommandLineTools/usr/lib/clang/14.0.0/include/nmmintrin.h:19:
In file included from /Library/Developer/CommandLineTools/usr/lib/clang/14.0.0/include/smmintrin.h:17:
In file included from /Library/Developer/CommandLineTools/usr/lib/clang/14.0.0/include/tmmintrin.h:17:
In file included from /Library/Developer/CommandLineTools/usr/lib/clang/14.0.0/include/pmmintrin.h:17:
/Library/Developer/CommandLineTools/usr/lib/clang/14.0.0/include/emmintrin.h:14:2: error: "This header is only meant to be used on x86 and x64 architecture"
#error "This header is only meant to be used on x86 and x64 architecture"
 ^
In file included from /Users/liyinbin/github/gottingen/lambda/build/CMakeFiles/CMakeTmp/src.cxx:2:
In file included from /Library/Developer/CommandLineTools/usr/lib/clang/14.0.0/include/nmmintrin.h:19:
In file included from /Library/Developer/CommandLineTools/usr/lib/clang/14.0.0/include/smmintrin.h:17:
In file included from /Library/Developer/CommandLineTools/usr/lib/clang/14.0.0/include/tmmintrin.h:17:
In file included from /Library/Developer/CommandLineTools/usr/lib/clang/14.0.0/include/pmmintrin.h:17:
In file included from /Library/Developer/CommandLineTools/usr/lib/clang/14.0.0/include/emmintrin.h:17:
/Library/Developer/CommandLineTools/usr/lib/clang/14.0.0/include/xmmintrin.h:14:2: error: "This header is only meant to be used on x86 and x64 architecture"
#error "This header is only meant to be used on x86 and x64 architecture"
 ^
In file included from /Users/liyinbin/github/gottingen/lambda/build/CMakeFiles/CMakeTmp/src.cxx:2:
In file included from /Library/Developer/CommandLineTools/usr/lib/clang/14.0.0/include/nmmintrin.h:19:
In file included from /Library/Developer/CommandLineTools/usr/lib/clang/14.0.0/include/smmintrin.h:17:
In file included from /Library/Developer/CommandLineTools/usr/lib/clang/14.0.0/include/tmmintrin.h:17:
In file included from /Library/Developer/CommandLineTools/usr/lib/clang/14.0.0/include/pmmintrin.h:17:
In file included from /Library/Developer/CommandLineTools/usr/lib/clang/14.0.0/include/emmintrin.h:17:
In file included from /Library/Developer/CommandLineTools/usr/lib/clang/14.0.0/include/xmmintrin.h:17:
/Library/Developer/CommandLineTools/usr/lib/clang/14.0.0/include/mmintrin.h:14:2: error: "This header is only meant to be used on x86 and x64 architecture"
#error "This header is only meant to be used on x86 and x64 architecture"
 ^
/Library/Developer/CommandLineTools/usr/lib/clang/14.0.0/include/mmintrin.h:37:5: error: use of undeclared identifier '__builtin_ia32_emms'; did you mean '__builtin_isless'?
    __builtin_ia32_emms();
    ^
/Library/Developer/CommandLineTools/usr/lib/clang/14.0.0/include/mmintrin.h:37:5: note: '__builtin_isless' declared here
/Library/Developer/CommandLineTools/usr/lib/clang/14.0.0/include/mmintrin.h:37:25: error: too few arguments to function call, expected 2, have 0
    __builtin_ia32_emms();
    ~~~~~~~~~~~~~~~~~~~~^
/Library/Developer/CommandLineTools/usr/lib/clang/14.0.0/include/mmintrin.h:54:19: error: use of undeclared identifier '__builtin_ia32_vec_init_v2si'
    return (__m64)__builtin_ia32_vec_init_v2si(__i, 0);
                  ^
/Library/Developer/CommandLineTools/usr/lib/clang/14.0.0/include/mmintrin.h:71:12: error: use of undeclared identifier '__builtin_ia32_vec_ext_v2si'
    return __builtin_ia32_vec_ext_v2si((__v2si)__m, 0);
           ^
/Library/Developer/CommandLineTools/usr/lib/clang/14.0.0/include/mmintrin.h:133:19: error: use of undeclared identifier '__builtin_ia32_packsswb'
    return (__m64)__builtin_ia32_packsswb((__v4hi)__m1, (__v4hi)__m2);
                  ^
/Library/Developer/CommandLineTools/usr/lib/clang/14.0.0/include/mmintrin.h:163:19: error: use of undeclared identifier '__builtin_ia32_packssdw'
    return (__m64)__builtin_ia32_packssdw((__v2si)__m1, (__v2si)__m2);
                  ^
/Library/Developer/CommandLineTools/usr/lib/clang/14.0.0/include/mmintrin.h:193:19: error: use of undeclared identifier '__builtin_ia32_packuswb'
    return (__m64)__builtin_ia32_packuswb((__v4hi)__m1, (__v4hi)__m2);
                  ^
/Library/Developer/CommandLineTools/usr/lib/clang/14.0.0/include/mmintrin.h:220:19: error: use of undeclared identifier '__builtin_ia32_punpckhbw'
    return (__m64)__builtin_ia32_punpckhbw((__v8qi)__m1, (__v8qi)__m2);
                  ^
/Library/Developer/CommandLineTools/usr/lib/clang/14.0.0/include/mmintrin.h:243:19: error: use of undeclared identifier '__builtin_ia32_punpckhwd'
    return (__m64)__builtin_ia32_punpckhwd((__v4hi)__m1, (__v4hi)__m2);
                  ^
/Library/Developer/CommandLineTools/usr/lib/clang/14.0.0/include/mmintrin.h:264:19: error: use of undeclared identifier '__builtin_ia32_punpckhdq'
    return (__m64)__builtin_ia32_punpckhdq((__v2si)__m1, (__v2si)__m2);
                  ^
/Library/Developer/CommandLineTools/usr/lib/clang/14.0.0/include/mmintrin.h:291:19: error: use of undeclared identifier '__builtin_ia32_punpcklbw'
    return (__m64)__builtin_ia32_punpcklbw((__v8qi)__m1, (__v8qi)__m2);
                  ^
/Library/Developer/CommandLineTools/usr/lib/clang/14.0.0/include/mmintrin.h:314:19: error: use of undeclared identifier '__builtin_ia32_punpcklwd'
    return (__m64)__builtin_ia32_punpcklwd((__v4hi)__m1, (__v4hi)__m2);
                  ^
fatal error: too many errors emitted, stopping now [-ferror-limit=]
20 errors generated.
make[1]: *** [CMakeFiles/cmTC_dc8e3.dir/src.cxx.o] Error 1
make: *** [cmTC_dc8e3/fast] Error 2


...and run output:

Return value: 1
Source file was:

  #include <nmmintrin.h>

  int main()
  {
    __m128i a = {0,0,0,0}, b = {0,0,0,0}, c = {0,0,0,0};
    c = _mm_cmpgt_epi64(a, b);  // SSE4_2
    return 0;
  }

Performing C++ SOURCE FILE Test CXX_HAS_SSE4_2_2 failed with the following output:
Change Dir: /Users/liyinbin/github/gottingen/lambda/build/CMakeFiles/CMakeTmp

Run Build Command(s):/usr/bin/make cmTC_a9640/fast && /Library/Developer/CommandLineTools/usr/bin/make  -f CMakeFiles/cmTC_a9640.dir/build.make CMakeFiles/cmTC_a9640.dir/build
Building CXX object CMakeFiles/cmTC_a9640.dir/src.cxx.o
/Library/Developer/CommandLineTools/usr/bin/c++    -DCXX_HAS_SSE4_2_2 -msse4 -isysroot /Library/Developer/CommandLineTools/SDKs/MacOSX13.1.sdk -mmacosx-version-min=12.5   -std=gnu++14 -o CMakeFiles/cmTC_a9640.dir/src.cxx.o -c /Users/liyinbin/github/gottingen/lambda/build/CMakeFiles/CMakeTmp/src.cxx
clang: warning: argument unused during compilation: '-msse4' [-Wunused-command-line-argument]
In file included from /Users/liyinbin/github/gottingen/lambda/build/CMakeFiles/CMakeTmp/src.cxx:2:
/Library/Developer/CommandLineTools/usr/lib/clang/14.0.0/include/nmmintrin.h:14:2: error: "This header is only meant to be used on x86 and x64 architecture"
#error "This header is only meant to be used on x86 and x64 architecture"
 ^
In file included from /Users/liyinbin/github/gottingen/lambda/build/CMakeFiles/CMakeTmp/src.cxx:2:
In file included from /Library/Developer/CommandLineTools/usr/lib/clang/14.0.0/include/nmmintrin.h:19:
/Library/Developer/CommandLineTools/usr/lib/clang/14.0.0/include/smmintrin.h:14:2: error: "This header is only meant to be used on x86 and x64 architecture"
#error "This header is only meant to be used on x86 and x64 architecture"
 ^
In file included from /Users/liyinbin/github/gottingen/lambda/build/CMakeFiles/CMakeTmp/src.cxx:2:
In file included from /Library/Developer/CommandLineTools/usr/lib/clang/14.0.0/include/nmmintrin.h:19:
In file included from /Library/Developer/CommandLineTools/usr/lib/clang/14.0.0/include/smmintrin.h:17:
/Library/Developer/CommandLineTools/usr/lib/clang/14.0.0/include/tmmintrin.h:14:2: error: "This header is only meant to be used on x86 and x64 architecture"
#error "This header is only meant to be used on x86 and x64 architecture"
 ^
In file included from /Users/liyinbin/github/gottingen/lambda/build/CMakeFiles/CMakeTmp/src.cxx:2:
In file included from /Library/Developer/CommandLineTools/usr/lib/clang/14.0.0/include/nmmintrin.h:19:
In file included from /Library/Developer/CommandLineTools/usr/lib/clang/14.0.0/include/smmintrin.h:17:
In file included from /Library/Developer/CommandLineTools/usr/lib/clang/14.0.0/include/tmmintrin.h:17:
/Library/Developer/CommandLineTools/usr/lib/clang/14.0.0/include/pmmintrin.h:14:2: error: "This header is only meant to be used on x86 and x64 architecture"
#error "This header is only meant to be used on x86 and x64 architecture"
 ^
In file included from /Users/liyinbin/github/gottingen/lambda/build/CMakeFiles/CMakeTmp/src.cxx:2:
In file included from /Library/Developer/CommandLineTools/usr/lib/clang/14.0.0/include/nmmintrin.h:19:
In file included from /Library/Developer/CommandLineTools/usr/lib/clang/14.0.0/include/smmintrin.h:17:
In file included from /Library/Developer/CommandLineTools/usr/lib/clang/14.0.0/include/tmmintrin.h:17:
In file included from /Library/Developer/CommandLineTools/usr/lib/clang/14.0.0/include/pmmintrin.h:17:
/Library/Developer/CommandLineTools/usr/lib/clang/14.0.0/include/emmintrin.h:14:2: error: "This header is only meant to be used on x86 and x64 architecture"
#error "This header is only meant to be used on x86 and x64 architecture"
 ^
In file included from /Users/liyinbin/github/gottingen/lambda/build/CMakeFiles/CMakeTmp/src.cxx:2:
In file included from /Library/Developer/CommandLineTools/usr/lib/clang/14.0.0/include/nmmintrin.h:19:
In file included from /Library/Developer/CommandLineTools/usr/lib/clang/14.0.0/include/smmintrin.h:17:
In file included from /Library/Developer/CommandLineTools/usr/lib/clang/14.0.0/include/tmmintrin.h:17:
In file included from /Library/Developer/CommandLineTools/usr/lib/clang/14.0.0/include/pmmintrin.h:17:
In file included from /Library/Developer/CommandLineTools/usr/lib/clang/14.0.0/include/emmintrin.h:17:
/Library/Developer/CommandLineTools/usr/lib/clang/14.0.0/include/xmmintrin.h:14:2: error: "This header is only meant to be used on x86 and x64 architecture"
#error "This header is only meant to be used on x86 and x64 architecture"
 ^
In file included from /Users/liyinbin/github/gottingen/lambda/build/CMakeFiles/CMakeTmp/src.cxx:2:
In file included from /Library/Developer/CommandLineTools/usr/lib/clang/14.0.0/include/nmmintrin.h:19:
In file included from /Library/Developer/CommandLineTools/usr/lib/clang/14.0.0/include/smmintrin.h:17:
In file included from /Library/Developer/CommandLineTools/usr/lib/clang/14.0.0/include/tmmintrin.h:17:
In file included from /Library/Developer/CommandLineTools/usr/lib/clang/14.0.0/include/pmmintrin.h:17:
In file included from /Library/Developer/CommandLineTools/usr/lib/clang/14.0.0/include/emmintrin.h:17:
In file included from /Library/Developer/CommandLineTools/usr/lib/clang/14.0.0/include/xmmintrin.h:17:
/Library/Developer/CommandLineTools/usr/lib/clang/14.0.0/include/mmintrin.h:14:2: error: "This header is only meant to be used on x86 and x64 architecture"
#error "This header is only meant to be used on x86 and x64 architecture"
 ^
/Library/Developer/CommandLineTools/usr/lib/clang/14.0.0/include/mmintrin.h:37:5: error: use of undeclared identifier '__builtin_ia32_emms'; did you mean '__builtin_isless'?
    __builtin_ia32_emms();
    ^
/Library/Developer/CommandLineTools/usr/lib/clang/14.0.0/include/mmintrin.h:37:5: note: '__builtin_isless' declared here
/Library/Developer/CommandLineTools/usr/lib/clang/14.0.0/include/mmintrin.h:37:25: error: too few arguments to function call, expected 2, have 0
    __builtin_ia32_emms();
    ~~~~~~~~~~~~~~~~~~~~^
/Library/Developer/CommandLineTools/usr/lib/clang/14.0.0/include/mmintrin.h:54:19: error: use of undeclared identifier '__builtin_ia32_vec_init_v2si'
    return (__m64)__builtin_ia32_vec_init_v2si(__i, 0);
                  ^
/Library/Developer/CommandLineTools/usr/lib/clang/14.0.0/include/mmintrin.h:71:12: error: use of undeclared identifier '__builtin_ia32_vec_ext_v2si'
    return __builtin_ia32_vec_ext_v2si((__v2si)__m, 0);
           ^
/Library/Developer/CommandLineTools/usr/lib/clang/14.0.0/include/mmintrin.h:133:19: error: use of undeclared identifier '__builtin_ia32_packsswb'
    return (__m64)__builtin_ia32_packsswb((__v4hi)__m1, (__v4hi)__m2);
                  ^
/Library/Developer/CommandLineTools/usr/lib/clang/14.0.0/include/mmintrin.h:163:19: error: use of undeclared identifier '__builtin_ia32_packssdw'
    return (__m64)__builtin_ia32_packssdw((__v2si)__m1, (__v2si)__m2);
                  ^
/Library/Developer/CommandLineTools/usr/lib/clang/14.0.0/include/mmintrin.h:193:19: error: use of undeclared identifier '__builtin_ia32_packuswb'
    return (__m64)__builtin_ia32_packuswb((__v4hi)__m1, (__v4hi)__m2);
                  ^
/Library/Developer/CommandLineTools/usr/lib/clang/14.0.0/include/mmintrin.h:220:19: error: use of undeclared identifier '__builtin_ia32_punpckhbw'
    return (__m64)__builtin_ia32_punpckhbw((__v8qi)__m1, (__v8qi)__m2);
                  ^
/Library/Developer/CommandLineTools/usr/lib/clang/14.0.0/include/mmintrin.h:243:19: error: use of undeclared identifier '__builtin_ia32_punpckhwd'
    return (__m64)__builtin_ia32_punpckhwd((__v4hi)__m1, (__v4hi)__m2);
                  ^
/Library/Developer/CommandLineTools/usr/lib/clang/14.0.0/include/mmintrin.h:264:19: error: use of undeclared identifier '__builtin_ia32_punpckhdq'
    return (__m64)__builtin_ia32_punpckhdq((__v2si)__m1, (__v2si)__m2);
                  ^
/Library/Developer/CommandLineTools/usr/lib/clang/14.0.0/include/mmintrin.h:291:19: error: use of undeclared identifier '__builtin_ia32_punpcklbw'
    return (__m64)__builtin_ia32_punpcklbw((__v8qi)__m1, (__v8qi)__m2);
                  ^
/Library/Developer/CommandLineTools/usr/lib/clang/14.0.0/include/mmintrin.h:314:19: error: use of undeclared identifier '__builtin_ia32_punpcklwd'
    return (__m64)__builtin_ia32_punpcklwd((__v4hi)__m1, (__v4hi)__m2);
                  ^
fatal error: too many errors emitted, stopping now [-ferror-limit=]
20 errors generated.
make[1]: *** [CMakeFiles/cmTC_a9640.dir/src.cxx.o] Error 1
make: *** [cmTC_a9640/fast] Error 2


...and run output:

Return value: 1
Source file was:

  #include <nmmintrin.h>

  int main()
  {
    __m128i a = {0,0,0,0}, b = {0,0,0,0}, c = {0,0,0,0};
    c = _mm_cmpgt_epi64(a, b);  // SSE4_2
    return 0;
  }

Performing C++ SOURCE FILE Test CXX_HAS_SSE4_2_3 failed with the following output:
Change Dir: /Users/liyinbin/github/gottingen/lambda/build/CMakeFiles/CMakeTmp

Run Build Command(s):/usr/bin/make cmTC_c6034/fast && /Library/Developer/CommandLineTools/usr/bin/make  -f CMakeFiles/cmTC_c6034.dir/build.make CMakeFiles/cmTC_c6034.dir/build
Building CXX object CMakeFiles/cmTC_c6034.dir/src.cxx.o
/Library/Developer/CommandLineTools/usr/bin/c++    -DCXX_HAS_SSE4_2_3 /arch:SSE4 -isysroot /Library/Developer/CommandLineTools/SDKs/MacOSX13.1.sdk -mmacosx-version-min=12.5   -std=gnu++14 -o CMakeFiles/cmTC_c6034.dir/src.cxx.o -c /Users/liyinbin/github/gottingen/lambda/build/CMakeFiles/CMakeTmp/src.cxx
clang: error: no such file or directory: '/arch:SSE4'
make[1]: *** [CMakeFiles/cmTC_c6034.dir/src.cxx.o] Error 1
make: *** [cmTC_c6034/fast] Error 2


...and run output:

Return value: 1
Source file was:

  #include <nmmintrin.h>

  int main()
  {
    __m128i a = {0,0,0,0}, b = {0,0,0,0}, c = {0,0,0,0};
    c = _mm_cmpgt_epi64(a, b);  // SSE4_2
    return 0;
  }

Performing C++ SOURCE FILE Test CXX_HAS_AVX_1 failed with the following output:
Change Dir: /Users/liyinbin/github/gottingen/lambda/build/CMakeFiles/CMakeTmp

Run Build Command(s):/usr/bin/make cmTC_1f3bb/fast && /Library/Developer/CommandLineTools/usr/bin/make  -f CMakeFiles/cmTC_1f3bb.dir/build.make CMakeFiles/cmTC_1f3bb.dir/build
Building CXX object CMakeFiles/cmTC_1f3bb.dir/src.cxx.o
/Library/Developer/CommandLineTools/usr/bin/c++    -DCXX_HAS_AVX_1 -mavx -isysroot /Library/Developer/CommandLineTools/SDKs/MacOSX13.1.sdk -mmacosx-version-min=12.5   -std=gnu++14 -o CMakeFiles/cmTC_1f3bb.dir/src.cxx.o -c /Users/liyinbin/github/gottingen/lambda/build/CMakeFiles/CMakeTmp/src.cxx
clang: warning: argument unused during compilation: '-mavx' [-Wunused-command-line-argument]
/Users/liyinbin/github/gottingen/lambda/build/CMakeFiles/CMakeTmp/src.cxx:3:2: error: "__AVX__ define is missing"
#error "__AVX__ define is missing"
 ^
In file included from /Users/liyinbin/github/gottingen/lambda/build/CMakeFiles/CMakeTmp/src.cxx:5:
/Library/Developer/CommandLineTools/usr/lib/clang/14.0.0/include/immintrin.h:14:2: error: "This header is only meant to be used on x86 and x64 architecture"
#error "This header is only meant to be used on x86 and x64 architecture"
 ^
In file included from /Users/liyinbin/github/gottingen/lambda/build/CMakeFiles/CMakeTmp/src.cxx:5:
In file included from /Library/Developer/CommandLineTools/usr/lib/clang/14.0.0/include/immintrin.h:17:
In file included from /Library/Developer/CommandLineTools/usr/lib/clang/14.0.0/include/x86gprintrin.h:15:
/Library/Developer/CommandLineTools/usr/lib/clang/14.0.0/include/hresetintrin.h:42:27: error: invalid input constraint 'a' in asm
  __asm__ ("hreset $0" :: "a"(__eax));
                          ^
In file included from /Users/liyinbin/github/gottingen/lambda/build/CMakeFiles/CMakeTmp/src.cxx:5:
In file included from /Library/Developer/CommandLineTools/usr/lib/clang/14.0.0/include/immintrin.h:17:
In file included from /Library/Developer/CommandLineTools/usr/lib/clang/14.0.0/include/x86gprintrin.h:25:
/Library/Developer/CommandLineTools/usr/lib/clang/14.0.0/include/crc32intrin.h:33:10: error: use of undeclared identifier '__builtin_ia32_crc32qi'
  return __builtin_ia32_crc32qi(__C, __D);
         ^
/Library/Developer/CommandLineTools/usr/lib/clang/14.0.0/include/crc32intrin.h:53:10: error: use of undeclared identifier '__builtin_ia32_crc32hi'; did you mean '__builtin_arm_crc32h'?
  return __builtin_ia32_crc32hi(__C, __D);
         ^
/Library/Developer/CommandLineTools/usr/lib/clang/14.0.0/include/crc32intrin.h:53:10: note: '__builtin_arm_crc32h' declared here
/Library/Developer/CommandLineTools/usr/lib/clang/14.0.0/include/crc32intrin.h:73:10: error: use of undeclared identifier '__builtin_ia32_crc32si'
  return __builtin_ia32_crc32si(__C, __D);
         ^
In file included from /Users/liyinbin/github/gottingen/lambda/build/CMakeFiles/CMakeTmp/src.cxx:5:
In file included from /Library/Developer/CommandLineTools/usr/lib/clang/14.0.0/include/immintrin.h:21:
/Library/Developer/CommandLineTools/usr/lib/clang/14.0.0/include/mmintrin.h:14:2: error: "This header is only meant to be used on x86 and x64 architecture"
#error "This header is only meant to be used on x86 and x64 architecture"
 ^
/Library/Developer/CommandLineTools/usr/lib/clang/14.0.0/include/mmintrin.h:37:5: error: use of undeclared identifier '__builtin_ia32_emms'; did you mean '__builtin_isless'?
    __builtin_ia32_emms();
    ^
/Library/Developer/CommandLineTools/usr/lib/clang/14.0.0/include/mmintrin.h:37:5: note: '__builtin_isless' declared here
/Library/Developer/CommandLineTools/usr/lib/clang/14.0.0/include/mmintrin.h:37:25: error: too few arguments to function call, expected 2, have 0
    __builtin_ia32_emms();
    ~~~~~~~~~~~~~~~~~~~~^
/Library/Developer/CommandLineTools/usr/lib/clang/14.0.0/include/mmintrin.h:54:19: error: use of undeclared identifier '__builtin_ia32_vec_init_v2si'
    return (__m64)__builtin_ia32_vec_init_v2si(__i, 0);
                  ^
/Library/Developer/CommandLineTools/usr/lib/clang/14.0.0/include/mmintrin.h:71:12: error: use of undeclared identifier '__builtin_ia32_vec_ext_v2si'
    return __builtin_ia32_vec_ext_v2si((__v2si)__m, 0);
           ^
/Library/Developer/CommandLineTools/usr/lib/clang/14.0.0/include/mmintrin.h:133:19: error: use of undeclared identifier '__builtin_ia32_packsswb'
    return (__m64)__builtin_ia32_packsswb((__v4hi)__m1, (__v4hi)__m2);
                  ^
/Library/Developer/CommandLineTools/usr/lib/clang/14.0.0/include/mmintrin.h:163:19: error: use of undeclared identifier '__builtin_ia32_packssdw'
    return (__m64)__builtin_ia32_packssdw((__v2si)__m1, (__v2si)__m2);
                  ^
/Library/Developer/CommandLineTools/usr/lib/clang/14.0.0/include/mmintrin.h:193:19: error: use of undeclared identifier '__builtin_ia32_packuswb'
    return (__m64)__builtin_ia32_packuswb((__v4hi)__m1, (__v4hi)__m2);
                  ^
/Library/Developer/CommandLineTools/usr/lib/clang/14.0.0/include/mmintrin.h:220:19: error: use of undeclared identifier '__builtin_ia32_punpckhbw'
    return (__m64)__builtin_ia32_punpckhbw((__v8qi)__m1, (__v8qi)__m2);
                  ^
/Library/Developer/CommandLineTools/usr/lib/clang/14.0.0/include/mmintrin.h:243:19: error: use of undeclared identifier '__builtin_ia32_punpckhwd'
    return (__m64)__builtin_ia32_punpckhwd((__v4hi)__m1, (__v4hi)__m2);
                  ^
/Library/Developer/CommandLineTools/usr/lib/clang/14.0.0/include/mmintrin.h:264:19: error: use of undeclared identifier '__builtin_ia32_punpckhdq'
    return (__m64)__builtin_ia32_punpckhdq((__v2si)__m1, (__v2si)__m2);
                  ^
/Library/Developer/CommandLineTools/usr/lib/clang/14.0.0/include/mmintrin.h:291:19: error: use of undeclared identifier '__builtin_ia32_punpcklbw'
    return (__m64)__builtin_ia32_punpcklbw((__v8qi)__m1, (__v8qi)__m2);
                  ^
/Library/Developer/CommandLineTools/usr/lib/clang/14.0.0/include/mmintrin.h:314:19: error: use of undeclared identifier '__builtin_ia32_punpcklwd'
    return (__m64)__builtin_ia32_punpcklwd((__v4hi)__m1, (__v4hi)__m2);
                  ^
fatal error: too many errors emitted, stopping now [-ferror-limit=]
20 errors generated.
make[1]: *** [CMakeFiles/cmTC_1f3bb.dir/src.cxx.o] Error 1
make: *** [cmTC_1f3bb/fast] Error 2


...and run output:

Return value: 1
Source file was:

#if !defined __AVX__ // MSVC supports this flag since MSVS 2013
#error "__AVX__ define is missing"
#endif
#include <immintrin.h>
void test()
{
    __m256 a = _mm256_set1_ps(0.0f);
}
int main() { return 0; }
Performing C++ SOURCE FILE Test CXX_HAS_AVX_2 failed with the following output:
Change Dir: /Users/liyinbin/github/gottingen/lambda/build/CMakeFiles/CMakeTmp

Run Build Command(s):/usr/bin/make cmTC_f41b8/fast && /Library/Developer/CommandLineTools/usr/bin/make  -f CMakeFiles/cmTC_f41b8.dir/build.make CMakeFiles/cmTC_f41b8.dir/build
Building CXX object CMakeFiles/cmTC_f41b8.dir/src.cxx.o
/Library/Developer/CommandLineTools/usr/bin/c++    -DCXX_HAS_AVX_2 /arch:AVX -isysroot /Library/Developer/CommandLineTools/SDKs/MacOSX13.1.sdk -mmacosx-version-min=12.5   -std=gnu++14 -o CMakeFiles/cmTC_f41b8.dir/src.cxx.o -c /Users/liyinbin/github/gottingen/lambda/build/CMakeFiles/CMakeTmp/src.cxx
clang: error: no such file or directory: '/arch:AVX'
make[1]: *** [CMakeFiles/cmTC_f41b8.dir/src.cxx.o] Error 1
make: *** [cmTC_f41b8/fast] Error 2


...and run output:

Return value: 1
Source file was:

#if !defined __AVX__ // MSVC supports this flag since MSVS 2013
#error "__AVX__ define is missing"
#endif
#include <immintrin.h>
void test()
{
    __m256 a = _mm256_set1_ps(0.0f);
}
int main() { return 0; }
Performing C++ SOURCE FILE Test CXX_HAS_AVX2_1 failed with the following output:
Change Dir: /Users/liyinbin/github/gottingen/lambda/build/CMakeFiles/CMakeTmp

Run Build Command(s):/usr/bin/make cmTC_23819/fast && /Library/Developer/CommandLineTools/usr/bin/make  -f CMakeFiles/cmTC_23819.dir/build.make CMakeFiles/cmTC_23819.dir/build
Building CXX object CMakeFiles/cmTC_23819.dir/src.cxx.o
/Library/Developer/CommandLineTools/usr/bin/c++    -DCXX_HAS_AVX2_1 -mavx2 -isysroot /Library/Developer/CommandLineTools/SDKs/MacOSX13.1.sdk -mmacosx-version-min=12.5   -std=gnu++14 -o CMakeFiles/cmTC_23819.dir/src.cxx.o -c /Users/liyinbin/github/gottingen/lambda/build/CMakeFiles/CMakeTmp/src.cxx
clang: warning: argument unused during compilation: '-mavx2' [-Wunused-command-line-argument]
/Users/liyinbin/github/gottingen/lambda/build/CMakeFiles/CMakeTmp/src.cxx:3:2: error: "__AVX2__ define is missing"
#error "__AVX2__ define is missing"
 ^
In file included from /Users/liyinbin/github/gottingen/lambda/build/CMakeFiles/CMakeTmp/src.cxx:5:
/Library/Developer/CommandLineTools/usr/lib/clang/14.0.0/include/immintrin.h:14:2: error: "This header is only meant to be used on x86 and x64 architecture"
#error "This header is only meant to be used on x86 and x64 architecture"
 ^
In file included from /Users/liyinbin/github/gottingen/lambda/build/CMakeFiles/CMakeTmp/src.cxx:5:
In file included from /Library/Developer/CommandLineTools/usr/lib/clang/14.0.0/include/immintrin.h:17:
In file included from /Library/Developer/CommandLineTools/usr/lib/clang/14.0.0/include/x86gprintrin.h:15:
/Library/Developer/CommandLineTools/usr/lib/clang/14.0.0/include/hresetintrin.h:42:27: error: invalid input constraint 'a' in asm
  __asm__ ("hreset $0" :: "a"(__eax));
                          ^
In file included from /Users/liyinbin/github/gottingen/lambda/build/CMakeFiles/CMakeTmp/src.cxx:5:
In file included from /Library/Developer/CommandLineTools/usr/lib/clang/14.0.0/include/immintrin.h:17:
In file included from /Library/Developer/CommandLineTools/usr/lib/clang/14.0.0/include/x86gprintrin.h:25:
/Library/Developer/CommandLineTools/usr/lib/clang/14.0.0/include/crc32intrin.h:33:10: error: use of undeclared identifier '__builtin_ia32_crc32qi'
  return __builtin_ia32_crc32qi(__C, __D);
         ^
/Library/Developer/CommandLineTools/usr/lib/clang/14.0.0/include/crc32intrin.h:53:10: error: use of undeclared identifier '__builtin_ia32_crc32hi'; did you mean '__builtin_arm_crc32h'?
  return __builtin_ia32_crc32hi(__C, __D);
         ^
/Library/Developer/CommandLineTools/usr/lib/clang/14.0.0/include/crc32intrin.h:53:10: note: '__builtin_arm_crc32h' declared here
/Library/Developer/CommandLineTools/usr/lib/clang/14.0.0/include/crc32intrin.h:73:10: error: use of undeclared identifier '__builtin_ia32_crc32si'
  return __builtin_ia32_crc32si(__C, __D);
         ^
In file included from /Users/liyinbin/github/gottingen/lambda/build/CMakeFiles/CMakeTmp/src.cxx:5:
In file included from /Library/Developer/CommandLineTools/usr/lib/clang/14.0.0/include/immintrin.h:21:
/Library/Developer/CommandLineTools/usr/lib/clang/14.0.0/include/mmintrin.h:14:2: error: "This header is only meant to be used on x86 and x64 architecture"
#error "This header is only meant to be used on x86 and x64 architecture"
 ^
/Library/Developer/CommandLineTools/usr/lib/clang/14.0.0/include/mmintrin.h:37:5: error: use of undeclared identifier '__builtin_ia32_emms'; did you mean '__builtin_isless'?
    __builtin_ia32_emms();
    ^
/Library/Developer/CommandLineTools/usr/lib/clang/14.0.0/include/mmintrin.h:37:5: note: '__builtin_isless' declared here
/Library/Developer/CommandLineTools/usr/lib/clang/14.0.0/include/mmintrin.h:37:25: error: too few arguments to function call, expected 2, have 0
    __builtin_ia32_emms();
    ~~~~~~~~~~~~~~~~~~~~^
/Library/Developer/CommandLineTools/usr/lib/clang/14.0.0/include/mmintrin.h:54:19: error: use of undeclared identifier '__builtin_ia32_vec_init_v2si'
    return (__m64)__builtin_ia32_vec_init_v2si(__i, 0);
                  ^
/Library/Developer/CommandLineTools/usr/lib/clang/14.0.0/include/mmintrin.h:71:12: error: use of undeclared identifier '__builtin_ia32_vec_ext_v2si'
    return __builtin_ia32_vec_ext_v2si((__v2si)__m, 0);
           ^
/Library/Developer/CommandLineTools/usr/lib/clang/14.0.0/include/mmintrin.h:133:19: error: use of undeclared identifier '__builtin_ia32_packsswb'
    return (__m64)__builtin_ia32_packsswb((__v4hi)__m1, (__v4hi)__m2);
                  ^
/Library/Developer/CommandLineTools/usr/lib/clang/14.0.0/include/mmintrin.h:163:19: error: use of undeclared identifier '__builtin_ia32_packssdw'
    return (__m64)__builtin_ia32_packssdw((__v2si)__m1, (__v2si)__m2);
                  ^
/Library/Developer/CommandLineTools/usr/lib/clang/14.0.0/include/mmintrin.h:193:19: error: use of undeclared identifier '__builtin_ia32_packuswb'
    return (__m64)__builtin_ia32_packuswb((__v4hi)__m1, (__v4hi)__m2);
                  ^
/Library/Developer/CommandLineTools/usr/lib/clang/14.0.0/include/mmintrin.h:220:19: error: use of undeclared identifier '__builtin_ia32_punpckhbw'
    return (__m64)__builtin_ia32_punpckhbw((__v8qi)__m1, (__v8qi)__m2);
                  ^
/Library/Developer/CommandLineTools/usr/lib/clang/14.0.0/include/mmintrin.h:243:19: error: use of undeclared identifier '__builtin_ia32_punpckhwd'
    return (__m64)__builtin_ia32_punpckhwd((__v4hi)__m1, (__v4hi)__m2);
                  ^
/Library/Developer/CommandLineTools/usr/lib/clang/14.0.0/include/mmintrin.h:264:19: error: use of undeclared identifier '__builtin_ia32_punpckhdq'
    return (__m64)__builtin_ia32_punpckhdq((__v2si)__m1, (__v2si)__m2);
                  ^
/Library/Developer/CommandLineTools/usr/lib/clang/14.0.0/include/mmintrin.h:291:19: error: use of undeclared identifier '__builtin_ia32_punpcklbw'
    return (__m64)__builtin_ia32_punpcklbw((__v8qi)__m1, (__v8qi)__m2);
                  ^
/Library/Developer/CommandLineTools/usr/lib/clang/14.0.0/include/mmintrin.h:314:19: error: use of undeclared identifier '__builtin_ia32_punpcklwd'
    return (__m64)__builtin_ia32_punpcklwd((__v4hi)__m1, (__v4hi)__m2);
                  ^
fatal error: too many errors emitted, stopping now [-ferror-limit=]
20 errors generated.
make[1]: *** [CMakeFiles/cmTC_23819.dir/src.cxx.o] Error 1
make: *** [cmTC_23819/fast] Error 2


...and run output:

Return value: 1
Source file was:

#if !defined __AVX2__ // MSVC supports this flag since MSVS 2013
#error "__AVX2__ define is missing"
#endif
#include <immintrin.h>
void test()
{
    int data[8] = {0,0,0,0, 0,0,0,0};
    __m256i a = _mm256_loadu_si256((const __m256i *)data);
    __m256i b = _mm256_bslli_epi128(a, 1);  // available in GCC 4.9.3+
}
int main() { return 0; }
Performing C++ SOURCE FILE Test CXX_HAS_AVX2_2 failed with the following output:
Change Dir: /Users/liyinbin/github/gottingen/lambda/build/CMakeFiles/CMakeTmp

Run Build Command(s):/usr/bin/make cmTC_c1da1/fast && /Library/Developer/CommandLineTools/usr/bin/make  -f CMakeFiles/cmTC_c1da1.dir/build.make CMakeFiles/cmTC_c1da1.dir/build
Building CXX object CMakeFiles/cmTC_c1da1.dir/src.cxx.o
/Library/Developer/CommandLineTools/usr/bin/c++    -DCXX_HAS_AVX2_2 /arch:AVX2 -isysroot /Library/Developer/CommandLineTools/SDKs/MacOSX13.1.sdk -mmacosx-version-min=12.5   -std=gnu++14 -o CMakeFiles/cmTC_c1da1.dir/src.cxx.o -c /Users/liyinbin/github/gottingen/lambda/build/CMakeFiles/CMakeTmp/src.cxx
clang: error: no such file or directory: '/arch:AVX2'
make[1]: *** [CMakeFiles/cmTC_c1da1.dir/src.cxx.o] Error 1
make: *** [cmTC_c1da1/fast] Error 2


...and run output:

Return value: 1
Source file was:

#if !defined __AVX2__ // MSVC supports this flag since MSVS 2013
#error "__AVX2__ define is missing"
#endif
#include <immintrin.h>
void test()
{
    int data[8] = {0,0,0,0, 0,0,0,0};
    __m256i a = _mm256_loadu_si256((const __m256i *)data);
    __m256i b = _mm256_bslli_epi128(a, 1);  // available in GCC 4.9.3+
}
int main() { return 0; }
Performing C++ SOURCE FILE Test CXX_HAS_AVX512_1 failed with the following output:
Change Dir: /Users/liyinbin/github/gottingen/lambda/build/CMakeFiles/CMakeTmp

Run Build Command(s):/usr/bin/make cmTC_3f23d/fast && /Library/Developer/CommandLineTools/usr/bin/make  -f CMakeFiles/cmTC_3f23d.dir/build.make CMakeFiles/cmTC_3f23d.dir/build
Building CXX object CMakeFiles/cmTC_3f23d.dir/src.cxx.o
/Library/Developer/CommandLineTools/usr/bin/c++    -DCXX_HAS_AVX512_1 -mavx512 -isysroot /Library/Developer/CommandLineTools/SDKs/MacOSX13.1.sdk -mmacosx-version-min=12.5   -std=gnu++14 -o CMakeFiles/cmTC_3f23d.dir/src.cxx.o -c /Users/liyinbin/github/gottingen/lambda/build/CMakeFiles/CMakeTmp/src.cxx
clang: error: unknown argument '-mavx512'; did you mean '-mavx512f'?
make[1]: *** [CMakeFiles/cmTC_3f23d.dir/src.cxx.o] Error 1
make: *** [cmTC_3f23d/fast] Error 2


...and run output:

Return value: 1
Source file was:

#if defined __AVX512__ || defined __AVX512F__
#include <immintrin.h>
void test()
{
    __m512i zmm = _mm512_setzero_si512();
#if defined __GNUC__ && defined __x86_64__
    asm volatile ("" : : : "zmm16", "zmm17", "zmm18", "zmm19");
#endif
}
#else
#error "AVX512 is not supported"
#endif
int main() { return 0; }
Performing C++ SOURCE FILE Test CXX_HAS_AVX512_2 failed with the following output:
Change Dir: /Users/liyinbin/github/gottingen/lambda/build/CMakeFiles/CMakeTmp

Run Build Command(s):/usr/bin/make cmTC_c2e2c/fast && /Library/Developer/CommandLineTools/usr/bin/make  -f CMakeFiles/cmTC_c2e2c.dir/build.make CMakeFiles/cmTC_c2e2c.dir/build
Building CXX object CMakeFiles/cmTC_c2e2c.dir/src.cxx.o
/Library/Developer/CommandLineTools/usr/bin/c++    -DCXX_HAS_AVX512_2 /arch:AVX512 -isysroot /Library/Developer/CommandLineTools/SDKs/MacOSX13.1.sdk -mmacosx-version-min=12.5   -std=gnu++14 -o CMakeFiles/cmTC_c2e2c.dir/src.cxx.o -c /Users/liyinbin/github/gottingen/lambda/build/CMakeFiles/CMakeTmp/src.cxx
clang: error: no such file or directory: '/arch:AVX512'
make[1]: *** [CMakeFiles/cmTC_c2e2c.dir/src.cxx.o] Error 1
make: *** [cmTC_c2e2c/fast] Error 2


...and run output:

Return value: 1
Source file was:

#if defined __AVX512__ || defined __AVX512F__
#include <immintrin.h>
void test()
{
    __m512i zmm = _mm512_setzero_si512();
#if defined __GNUC__ && defined __x86_64__
    asm volatile ("" : : : "zmm16", "zmm17", "zmm18", "zmm19");
#endif
}
#else
#error "AVX512 is not supported"
#endif
int main() { return 0; }
Compiling the C compiler identification source file "CMakeCCompilerId.c" failed.
Compiler: /Library/Developer/CommandLineTools/usr/bin/cc 
Build flags: 
Id flags:  

The output was:
1
ld: library not found for -lSystem
clang: error: linker command failed with exit code 1 (use -v to see invocation)


